{"C:\\Users\\molli\\chore-chart\\client\\src\\FetchService.js": {"path":"C:\\Users\\molli\\chore-chart\\client\\src\\FetchService.js","all":false,"statementMap":{"0":{"start":{"line":1,"column":0},"end":{"line":1,"column":43}},"1":{"start":{"line":2,"column":0},"end":{"line":2,"column":20}},"2":{"start":{"line":3,"column":0},"end":{"line":3,"column":0}},"3":{"start":{"line":4,"column":0},"end":{"line":4,"column":14}},"4":{"start":{"line":5,"column":0},"end":{"line":5,"column":31}},"5":{"start":{"line":6,"column":0},"end":{"line":6,"column":21}},"6":{"start":{"line":7,"column":0},"end":{"line":7,"column":0}},"7":{"start":{"line":8,"column":0},"end":{"line":8,"column":63}},"8":{"start":{"line":9,"column":0},"end":{"line":9,"column":31}},"9":{"start":{"line":10,"column":0},"end":{"line":10,"column":26}},"10":{"start":{"line":11,"column":0},"end":{"line":11,"column":55}},"11":{"start":{"line":12,"column":0},"end":{"line":12,"column":18}},"12":{"start":{"line":13,"column":0},"end":{"line":13,"column":38}},"13":{"start":{"line":14,"column":0},"end":{"line":14,"column":48}},"14":{"start":{"line":15,"column":0},"end":{"line":15,"column":36}},"15":{"start":{"line":16,"column":0},"end":{"line":16,"column":38}},"16":{"start":{"line":17,"column":0},"end":{"line":17,"column":54}},"17":{"start":{"line":18,"column":0},"end":{"line":18,"column":35}},"18":{"start":{"line":19,"column":0},"end":{"line":19,"column":50}},"19":{"start":{"line":20,"column":0},"end":{"line":20,"column":51}},"20":{"start":{"line":21,"column":0},"end":{"line":21,"column":20}},"21":{"start":{"line":22,"column":0},"end":{"line":22,"column":0}},"22":{"start":{"line":23,"column":0},"end":{"line":23,"column":0}},"23":{"start":{"line":24,"column":0},"end":{"line":24,"column":17}},"24":{"start":{"line":25,"column":0},"end":{"line":25,"column":30}},"25":{"start":{"line":26,"column":0},"end":{"line":26,"column":49}},"26":{"start":{"line":27,"column":0},"end":{"line":27,"column":14}},"27":{"start":{"line":28,"column":0},"end":{"line":28,"column":49}},"28":{"start":{"line":29,"column":0},"end":{"line":29,"column":26}},"29":{"start":{"line":30,"column":0},"end":{"line":30,"column":25}},"30":{"start":{"line":31,"column":0},"end":{"line":31,"column":41}},"31":{"start":{"line":32,"column":0},"end":{"line":32,"column":9}},"32":{"start":{"line":33,"column":0},"end":{"line":33,"column":5}},"33":{"start":{"line":34,"column":0},"end":{"line":34,"column":4}},"34":{"start":{"line":35,"column":0},"end":{"line":35,"column":13}},"35":{"start":{"line":36,"column":0},"end":{"line":36,"column":30}},"36":{"start":{"line":37,"column":0},"end":{"line":37,"column":4}},"37":{"start":{"line":38,"column":0},"end":{"line":38,"column":8}},"38":{"start":{"line":39,"column":0},"end":{"line":39,"column":13}},"39":{"start":{"line":40,"column":0},"end":{"line":40,"column":62}},"40":{"start":{"line":41,"column":0},"end":{"line":41,"column":31}},"41":{"start":{"line":42,"column":0},"end":{"line":42,"column":26}},"42":{"start":{"line":43,"column":0},"end":{"line":43,"column":55}},"43":{"start":{"line":44,"column":0},"end":{"line":44,"column":18}},"44":{"start":{"line":45,"column":0},"end":{"line":45,"column":38}},"45":{"start":{"line":46,"column":0},"end":{"line":46,"column":38}},"46":{"start":{"line":47,"column":0},"end":{"line":47,"column":53}},"47":{"start":{"line":48,"column":0},"end":{"line":48,"column":18}},"48":{"start":{"line":49,"column":0},"end":{"line":49,"column":15}},"49":{"start":{"line":50,"column":0},"end":{"line":50,"column":0}},"50":{"start":{"line":51,"column":0},"end":{"line":51,"column":12}},"51":{"start":{"line":52,"column":0},"end":{"line":52,"column":30}},"52":{"start":{"line":53,"column":0},"end":{"line":53,"column":10}},"53":{"start":{"line":54,"column":0},"end":{"line":54,"column":71}},"54":{"start":{"line":55,"column":0},"end":{"line":55,"column":13}},"55":{"start":{"line":56,"column":0},"end":{"line":56,"column":7}},"56":{"start":{"line":57,"column":0},"end":{"line":57,"column":49}},"57":{"start":{"line":58,"column":0},"end":{"line":58,"column":14}},"58":{"start":{"line":59,"column":0},"end":{"line":59,"column":26}},"59":{"start":{"line":60,"column":0},"end":{"line":60,"column":25}},"60":{"start":{"line":61,"column":0},"end":{"line":61,"column":41}},"61":{"start":{"line":62,"column":0},"end":{"line":62,"column":9}},"62":{"start":{"line":63,"column":0},"end":{"line":63,"column":5}},"63":{"start":{"line":64,"column":0},"end":{"line":64,"column":0}},"64":{"start":{"line":65,"column":0},"end":{"line":65,"column":18}},"65":{"start":{"line":66,"column":0},"end":{"line":66,"column":47}},"66":{"start":{"line":67,"column":0},"end":{"line":67,"column":0}},"67":{"start":{"line":68,"column":0},"end":{"line":68,"column":13}},"68":{"start":{"line":69,"column":0},"end":{"line":69,"column":28}},"69":{"start":{"line":70,"column":0},"end":{"line":70,"column":58}},"70":{"start":{"line":71,"column":0},"end":{"line":71,"column":46}},"71":{"start":{"line":72,"column":0},"end":{"line":72,"column":40}},"72":{"start":{"line":73,"column":0},"end":{"line":73,"column":42}},"73":{"start":{"line":74,"column":0},"end":{"line":74,"column":58}},"74":{"start":{"line":75,"column":0},"end":{"line":75,"column":52}},"75":{"start":{"line":76,"column":0},"end":{"line":76,"column":55}},"76":{"start":{"line":77,"column":0},"end":{"line":77,"column":18}},"77":{"start":{"line":78,"column":0},"end":{"line":78,"column":20}},"78":{"start":{"line":79,"column":0},"end":{"line":79,"column":46}},"79":{"start":{"line":80,"column":0},"end":{"line":80,"column":40}},"80":{"start":{"line":81,"column":0},"end":{"line":81,"column":42}},"81":{"start":{"line":82,"column":0},"end":{"line":82,"column":52}},"82":{"start":{"line":83,"column":0},"end":{"line":83,"column":55}},"83":{"start":{"line":84,"column":0},"end":{"line":84,"column":18}},"84":{"start":{"line":85,"column":0},"end":{"line":85,"column":13}},"85":{"start":{"line":86,"column":0},"end":{"line":86,"column":0}},"86":{"start":{"line":87,"column":0},"end":{"line":87,"column":71}},"87":{"start":{"line":88,"column":0},"end":{"line":88,"column":30}},"88":{"start":{"line":89,"column":0},"end":{"line":89,"column":26}},"89":{"start":{"line":90,"column":0},"end":{"line":90,"column":55}},"90":{"start":{"line":91,"column":0},"end":{"line":91,"column":18}},"91":{"start":{"line":92,"column":0},"end":{"line":92,"column":33}},"92":{"start":{"line":93,"column":0},"end":{"line":93,"column":15}},"93":{"start":{"line":94,"column":0},"end":{"line":94,"column":30}},"94":{"start":{"line":95,"column":0},"end":{"line":95,"column":71}},"95":{"start":{"line":96,"column":0},"end":{"line":96,"column":13}},"96":{"start":{"line":97,"column":0},"end":{"line":97,"column":49}},"97":{"start":{"line":98,"column":0},"end":{"line":98,"column":26}},"98":{"start":{"line":99,"column":0},"end":{"line":99,"column":25}},"99":{"start":{"line":100,"column":0},"end":{"line":100,"column":41}},"100":{"start":{"line":101,"column":0},"end":{"line":101,"column":9}},"101":{"start":{"line":102,"column":0},"end":{"line":102,"column":5}},"102":{"start":{"line":103,"column":0},"end":{"line":103,"column":0}},"103":{"start":{"line":104,"column":0},"end":{"line":104,"column":21}},"104":{"start":{"line":105,"column":0},"end":{"line":105,"column":37}},"105":{"start":{"line":106,"column":0},"end":{"line":106,"column":13}},"106":{"start":{"line":107,"column":0},"end":{"line":107,"column":71}},"107":{"start":{"line":108,"column":0},"end":{"line":108,"column":32}},"108":{"start":{"line":109,"column":0},"end":{"line":109,"column":15}},"109":{"start":{"line":110,"column":0},"end":{"line":110,"column":30}},"110":{"start":{"line":111,"column":0},"end":{"line":111,"column":71}},"111":{"start":{"line":112,"column":0},"end":{"line":112,"column":13}},"112":{"start":{"line":113,"column":0},"end":{"line":113,"column":49}},"113":{"start":{"line":114,"column":0},"end":{"line":114,"column":26}},"114":{"start":{"line":115,"column":0},"end":{"line":115,"column":25}},"115":{"start":{"line":116,"column":0},"end":{"line":116,"column":41}},"116":{"start":{"line":117,"column":0},"end":{"line":117,"column":9}},"117":{"start":{"line":118,"column":0},"end":{"line":118,"column":5}},"118":{"start":{"line":119,"column":0},"end":{"line":119,"column":0}},"119":{"start":{"line":120,"column":0},"end":{"line":120,"column":18}},"120":{"start":{"line":121,"column":0},"end":{"line":121,"column":37}},"121":{"start":{"line":122,"column":0},"end":{"line":122,"column":13}},"122":{"start":{"line":123,"column":0},"end":{"line":123,"column":71}},"123":{"start":{"line":124,"column":0},"end":{"line":124,"column":32}},"124":{"start":{"line":125,"column":0},"end":{"line":125,"column":15}},"125":{"start":{"line":126,"column":0},"end":{"line":126,"column":31}},"126":{"start":{"line":127,"column":0},"end":{"line":127,"column":71}},"127":{"start":{"line":128,"column":0},"end":{"line":128,"column":13}},"128":{"start":{"line":129,"column":0},"end":{"line":129,"column":49}},"129":{"start":{"line":130,"column":0},"end":{"line":130,"column":26}},"130":{"start":{"line":131,"column":0},"end":{"line":131,"column":25}},"131":{"start":{"line":132,"column":0},"end":{"line":132,"column":41}},"132":{"start":{"line":133,"column":0},"end":{"line":133,"column":9}},"133":{"start":{"line":134,"column":0},"end":{"line":134,"column":5}},"134":{"start":{"line":135,"column":0},"end":{"line":135,"column":0}},"135":{"start":{"line":136,"column":0},"end":{"line":136,"column":23}},"136":{"start":{"line":137,"column":0},"end":{"line":137,"column":45}},"137":{"start":{"line":138,"column":0},"end":{"line":138,"column":13}},"138":{"start":{"line":139,"column":0},"end":{"line":139,"column":66}},"139":{"start":{"line":140,"column":0},"end":{"line":140,"column":31}},"140":{"start":{"line":141,"column":0},"end":{"line":141,"column":26}},"141":{"start":{"line":142,"column":0},"end":{"line":142,"column":55}},"142":{"start":{"line":143,"column":0},"end":{"line":143,"column":18}},"143":{"start":{"line":144,"column":0},"end":{"line":144,"column":38}},"144":{"start":{"line":145,"column":0},"end":{"line":145,"column":40}},"145":{"start":{"line":146,"column":0},"end":{"line":146,"column":18}},"146":{"start":{"line":147,"column":0},"end":{"line":147,"column":15}},"147":{"start":{"line":148,"column":0},"end":{"line":148,"column":30}},"148":{"start":{"line":149,"column":0},"end":{"line":149,"column":71}},"149":{"start":{"line":150,"column":0},"end":{"line":150,"column":13}},"150":{"start":{"line":151,"column":0},"end":{"line":151,"column":49}},"151":{"start":{"line":152,"column":0},"end":{"line":152,"column":26}},"152":{"start":{"line":153,"column":0},"end":{"line":153,"column":25}},"153":{"start":{"line":154,"column":0},"end":{"line":154,"column":41}},"154":{"start":{"line":155,"column":0},"end":{"line":155,"column":9}},"155":{"start":{"line":156,"column":0},"end":{"line":156,"column":5}},"156":{"start":{"line":157,"column":0},"end":{"line":157,"column":0}},"157":{"start":{"line":158,"column":0},"end":{"line":158,"column":21}},"158":{"start":{"line":159,"column":0},"end":{"line":159,"column":46}},"159":{"start":{"line":160,"column":0},"end":{"line":160,"column":0}},"160":{"start":{"line":161,"column":0},"end":{"line":161,"column":13}},"161":{"start":{"line":162,"column":0},"end":{"line":162,"column":80}},"162":{"start":{"line":163,"column":0},"end":{"line":163,"column":30}},"163":{"start":{"line":164,"column":0},"end":{"line":164,"column":71}},"164":{"start":{"line":165,"column":0},"end":{"line":165,"column":13}},"165":{"start":{"line":166,"column":0},"end":{"line":166,"column":49}},"166":{"start":{"line":167,"column":0},"end":{"line":167,"column":26}},"167":{"start":{"line":168,"column":0},"end":{"line":168,"column":25}},"168":{"start":{"line":169,"column":0},"end":{"line":169,"column":41}},"169":{"start":{"line":170,"column":0},"end":{"line":170,"column":9}},"170":{"start":{"line":171,"column":0},"end":{"line":171,"column":5}},"171":{"start":{"line":172,"column":0},"end":{"line":172,"column":0}},"172":{"start":{"line":173,"column":0},"end":{"line":173,"column":37}},"173":{"start":{"line":174,"column":0},"end":{"line":174,"column":49}},"174":{"start":{"line":175,"column":0},"end":{"line":175,"column":13}},"175":{"start":{"line":176,"column":0},"end":{"line":176,"column":86}},"176":{"start":{"line":177,"column":0},"end":{"line":177,"column":30}},"177":{"start":{"line":178,"column":0},"end":{"line":178,"column":71}},"178":{"start":{"line":179,"column":0},"end":{"line":179,"column":13}},"179":{"start":{"line":180,"column":0},"end":{"line":180,"column":49}},"180":{"start":{"line":181,"column":0},"end":{"line":181,"column":26}},"181":{"start":{"line":182,"column":0},"end":{"line":182,"column":25}},"182":{"start":{"line":183,"column":0},"end":{"line":183,"column":41}},"183":{"start":{"line":184,"column":0},"end":{"line":184,"column":25}},"184":{"start":{"line":185,"column":0},"end":{"line":185,"column":9}},"185":{"start":{"line":186,"column":0},"end":{"line":186,"column":5}},"186":{"start":{"line":187,"column":0},"end":{"line":187,"column":0}},"187":{"start":{"line":188,"column":0},"end":{"line":188,"column":21}},"188":{"start":{"line":189,"column":0},"end":{"line":189,"column":43}},"189":{"start":{"line":190,"column":0},"end":{"line":190,"column":13}},"190":{"start":{"line":191,"column":0},"end":{"line":191,"column":82}},"191":{"start":{"line":192,"column":0},"end":{"line":192,"column":30}},"192":{"start":{"line":193,"column":0},"end":{"line":193,"column":26}},"193":{"start":{"line":194,"column":0},"end":{"line":194,"column":55}},"194":{"start":{"line":195,"column":0},"end":{"line":195,"column":18}},"195":{"start":{"line":196,"column":0},"end":{"line":196,"column":38}},"196":{"start":{"line":197,"column":0},"end":{"line":197,"column":40}},"197":{"start":{"line":198,"column":0},"end":{"line":198,"column":18}},"198":{"start":{"line":199,"column":0},"end":{"line":199,"column":15}},"199":{"start":{"line":200,"column":0},"end":{"line":200,"column":30}},"200":{"start":{"line":201,"column":0},"end":{"line":201,"column":71}},"201":{"start":{"line":202,"column":0},"end":{"line":202,"column":13}},"202":{"start":{"line":203,"column":0},"end":{"line":203,"column":49}},"203":{"start":{"line":204,"column":0},"end":{"line":204,"column":26}},"204":{"start":{"line":205,"column":0},"end":{"line":205,"column":25}},"205":{"start":{"line":206,"column":0},"end":{"line":206,"column":41}},"206":{"start":{"line":207,"column":0},"end":{"line":207,"column":9}},"207":{"start":{"line":208,"column":0},"end":{"line":208,"column":5}},"208":{"start":{"line":209,"column":0},"end":{"line":209,"column":0}},"209":{"start":{"line":210,"column":0},"end":{"line":210,"column":23}},"210":{"start":{"line":211,"column":0},"end":{"line":211,"column":47}},"211":{"start":{"line":212,"column":0},"end":{"line":212,"column":13}},"212":{"start":{"line":213,"column":0},"end":{"line":213,"column":81}},"213":{"start":{"line":214,"column":0},"end":{"line":214,"column":32}},"214":{"start":{"line":215,"column":0},"end":{"line":215,"column":15}},"215":{"start":{"line":216,"column":0},"end":{"line":216,"column":30}},"216":{"start":{"line":217,"column":0},"end":{"line":217,"column":71}},"217":{"start":{"line":218,"column":0},"end":{"line":218,"column":13}},"218":{"start":{"line":219,"column":0},"end":{"line":219,"column":49}},"219":{"start":{"line":220,"column":0},"end":{"line":220,"column":26}},"220":{"start":{"line":221,"column":0},"end":{"line":221,"column":25}},"221":{"start":{"line":222,"column":0},"end":{"line":222,"column":41}},"222":{"start":{"line":223,"column":0},"end":{"line":223,"column":9}},"223":{"start":{"line":224,"column":0},"end":{"line":224,"column":5}},"224":{"start":{"line":225,"column":0},"end":{"line":225,"column":0}},"225":{"start":{"line":226,"column":0},"end":{"line":226,"column":34}},"226":{"start":{"line":227,"column":0},"end":{"line":227,"column":43}},"227":{"start":{"line":228,"column":0},"end":{"line":228,"column":13}},"228":{"start":{"line":229,"column":0},"end":{"line":229,"column":89}},"229":{"start":{"line":230,"column":0},"end":{"line":230,"column":30}},"230":{"start":{"line":231,"column":0},"end":{"line":231,"column":71}},"231":{"start":{"line":232,"column":0},"end":{"line":232,"column":13}},"232":{"start":{"line":233,"column":0},"end":{"line":233,"column":49}},"233":{"start":{"line":234,"column":0},"end":{"line":234,"column":26}},"234":{"start":{"line":235,"column":0},"end":{"line":235,"column":25}},"235":{"start":{"line":236,"column":0},"end":{"line":236,"column":41}},"236":{"start":{"line":237,"column":0},"end":{"line":237,"column":9}},"237":{"start":{"line":238,"column":0},"end":{"line":238,"column":5}},"238":{"start":{"line":239,"column":0},"end":{"line":239,"column":0}},"239":{"start":{"line":240,"column":0},"end":{"line":240,"column":36}},"240":{"start":{"line":241,"column":0},"end":{"line":241,"column":52}},"241":{"start":{"line":242,"column":0},"end":{"line":242,"column":13}},"242":{"start":{"line":243,"column":0},"end":{"line":243,"column":85}},"243":{"start":{"line":244,"column":0},"end":{"line":244,"column":30}},"244":{"start":{"line":245,"column":0},"end":{"line":245,"column":71}},"245":{"start":{"line":246,"column":0},"end":{"line":246,"column":13}},"246":{"start":{"line":247,"column":0},"end":{"line":247,"column":49}},"247":{"start":{"line":248,"column":0},"end":{"line":248,"column":26}},"248":{"start":{"line":249,"column":0},"end":{"line":249,"column":25}},"249":{"start":{"line":250,"column":0},"end":{"line":250,"column":41}},"250":{"start":{"line":251,"column":0},"end":{"line":251,"column":9}},"251":{"start":{"line":252,"column":0},"end":{"line":252,"column":5}},"252":{"start":{"line":253,"column":0},"end":{"line":253,"column":0}},"253":{"start":{"line":254,"column":0},"end":{"line":254,"column":30}},"254":{"start":{"line":255,"column":0},"end":{"line":255,"column":38}},"255":{"start":{"line":256,"column":0},"end":{"line":256,"column":13}},"256":{"start":{"line":257,"column":0},"end":{"line":257,"column":73}},"257":{"start":{"line":258,"column":0},"end":{"line":258,"column":30}},"258":{"start":{"line":259,"column":0},"end":{"line":259,"column":71}},"259":{"start":{"line":260,"column":0},"end":{"line":260,"column":13}},"260":{"start":{"line":261,"column":0},"end":{"line":261,"column":49}},"261":{"start":{"line":262,"column":0},"end":{"line":262,"column":26}},"262":{"start":{"line":263,"column":0},"end":{"line":263,"column":25}},"263":{"start":{"line":264,"column":0},"end":{"line":264,"column":41}},"264":{"start":{"line":265,"column":0},"end":{"line":265,"column":9}},"265":{"start":{"line":266,"column":0},"end":{"line":266,"column":5}},"266":{"start":{"line":267,"column":0},"end":{"line":267,"column":0}},"267":{"start":{"line":268,"column":0},"end":{"line":268,"column":19}},"268":{"start":{"line":269,"column":0},"end":{"line":269,"column":37}},"269":{"start":{"line":270,"column":0},"end":{"line":270,"column":13}},"270":{"start":{"line":271,"column":0},"end":{"line":271,"column":63}},"271":{"start":{"line":272,"column":0},"end":{"line":272,"column":31}},"272":{"start":{"line":273,"column":0},"end":{"line":273,"column":26}},"273":{"start":{"line":274,"column":0},"end":{"line":274,"column":55}},"274":{"start":{"line":275,"column":0},"end":{"line":275,"column":18}},"275":{"start":{"line":276,"column":0},"end":{"line":276,"column":38}},"276":{"start":{"line":277,"column":0},"end":{"line":277,"column":37}},"277":{"start":{"line":278,"column":0},"end":{"line":278,"column":51}},"278":{"start":{"line":279,"column":0},"end":{"line":279,"column":49}},"279":{"start":{"line":280,"column":0},"end":{"line":280,"column":45}},"280":{"start":{"line":281,"column":0},"end":{"line":281,"column":55}},"281":{"start":{"line":282,"column":0},"end":{"line":282,"column":43}},"282":{"start":{"line":283,"column":0},"end":{"line":283,"column":41}},"283":{"start":{"line":284,"column":0},"end":{"line":284,"column":51}},"284":{"start":{"line":285,"column":0},"end":{"line":285,"column":48}},"285":{"start":{"line":286,"column":0},"end":{"line":286,"column":18}},"286":{"start":{"line":287,"column":0},"end":{"line":287,"column":15}},"287":{"start":{"line":288,"column":0},"end":{"line":288,"column":0}},"288":{"start":{"line":289,"column":0},"end":{"line":289,"column":30}},"289":{"start":{"line":290,"column":0},"end":{"line":290,"column":71}},"290":{"start":{"line":291,"column":0},"end":{"line":291,"column":13}},"291":{"start":{"line":292,"column":0},"end":{"line":292,"column":49}},"292":{"start":{"line":293,"column":0},"end":{"line":293,"column":26}},"293":{"start":{"line":294,"column":0},"end":{"line":294,"column":25}},"294":{"start":{"line":295,"column":0},"end":{"line":295,"column":41}},"295":{"start":{"line":296,"column":0},"end":{"line":296,"column":9}},"296":{"start":{"line":297,"column":0},"end":{"line":297,"column":5}},"297":{"start":{"line":298,"column":0},"end":{"line":298,"column":0}},"298":{"start":{"line":299,"column":0},"end":{"line":299,"column":17}},"299":{"start":{"line":300,"column":0},"end":{"line":300,"column":44}},"300":{"start":{"line":301,"column":0},"end":{"line":301,"column":13}},"301":{"start":{"line":302,"column":0},"end":{"line":302,"column":74}},"302":{"start":{"line":303,"column":0},"end":{"line":303,"column":30}},"303":{"start":{"line":304,"column":0},"end":{"line":304,"column":26}},"304":{"start":{"line":305,"column":0},"end":{"line":305,"column":55}},"305":{"start":{"line":306,"column":0},"end":{"line":306,"column":18}},"306":{"start":{"line":307,"column":0},"end":{"line":307,"column":38}},"307":{"start":{"line":308,"column":0},"end":{"line":308,"column":37}},"308":{"start":{"line":309,"column":0},"end":{"line":309,"column":51}},"309":{"start":{"line":310,"column":0},"end":{"line":310,"column":49}},"310":{"start":{"line":311,"column":0},"end":{"line":311,"column":45}},"311":{"start":{"line":312,"column":0},"end":{"line":312,"column":55}},"312":{"start":{"line":313,"column":0},"end":{"line":313,"column":43}},"313":{"start":{"line":314,"column":0},"end":{"line":314,"column":41}},"314":{"start":{"line":315,"column":0},"end":{"line":315,"column":51}},"315":{"start":{"line":316,"column":0},"end":{"line":316,"column":48}},"316":{"start":{"line":317,"column":0},"end":{"line":317,"column":18}},"317":{"start":{"line":318,"column":0},"end":{"line":318,"column":15}},"318":{"start":{"line":319,"column":0},"end":{"line":319,"column":30}},"319":{"start":{"line":320,"column":0},"end":{"line":320,"column":71}},"320":{"start":{"line":321,"column":0},"end":{"line":321,"column":13}},"321":{"start":{"line":322,"column":0},"end":{"line":322,"column":49}},"322":{"start":{"line":323,"column":0},"end":{"line":323,"column":26}},"323":{"start":{"line":324,"column":0},"end":{"line":324,"column":25}},"324":{"start":{"line":325,"column":0},"end":{"line":325,"column":41}},"325":{"start":{"line":326,"column":0},"end":{"line":326,"column":9}},"326":{"start":{"line":327,"column":0},"end":{"line":327,"column":5}},"327":{"start":{"line":328,"column":0},"end":{"line":328,"column":0}},"328":{"start":{"line":329,"column":0},"end":{"line":329,"column":19}},"329":{"start":{"line":330,"column":0},"end":{"line":330,"column":39}},"330":{"start":{"line":331,"column":0},"end":{"line":331,"column":13}},"331":{"start":{"line":332,"column":0},"end":{"line":332,"column":73}},"332":{"start":{"line":333,"column":0},"end":{"line":333,"column":32}},"333":{"start":{"line":334,"column":0},"end":{"line":334,"column":15}},"334":{"start":{"line":335,"column":0},"end":{"line":335,"column":30}},"335":{"start":{"line":336,"column":0},"end":{"line":336,"column":71}},"336":{"start":{"line":337,"column":0},"end":{"line":337,"column":13}},"337":{"start":{"line":338,"column":0},"end":{"line":338,"column":49}},"338":{"start":{"line":339,"column":0},"end":{"line":339,"column":26}},"339":{"start":{"line":340,"column":0},"end":{"line":340,"column":25}},"340":{"start":{"line":341,"column":0},"end":{"line":341,"column":41}},"341":{"start":{"line":342,"column":0},"end":{"line":342,"column":9}},"342":{"start":{"line":343,"column":0},"end":{"line":343,"column":5}},"343":{"start":{"line":344,"column":0},"end":{"line":344,"column":1}},"344":{"start":{"line":345,"column":0},"end":{"line":345,"column":0}},"345":{"start":{"line":346,"column":0},"end":{"line":346,"column":27}}},"s":{"0":1,"1":1,"2":1,"3":1,"4":1,"5":7,"6":7,"7":7,"8":7,"9":7,"10":7,"11":7,"12":7,"13":7,"14":7,"15":7,"16":7,"17":7,"18":7,"19":7,"20":7,"21":7,"22":7,"23":7,"24":7,"25":2,"26":7,"27":5,"28":5,"29":7,"30":0,"31":0,"32":7,"33":1,"34":1,"35":1,"36":3,"37":3,"38":3,"39":3,"40":3,"41":3,"42":3,"43":3,"44":3,"45":3,"46":3,"47":3,"48":3,"49":3,"50":3,"51":3,"52":2,"53":2,"54":2,"55":1,"56":1,"57":1,"58":1,"59":3,"60":2,"61":2,"62":3,"63":1,"64":1,"65":1,"66":1,"67":1,"68":1,"69":1,"70":0,"71":0,"72":0,"73":0,"74":0,"75":0,"76":0,"77":1,"78":1,"79":1,"80":1,"81":1,"82":1,"83":1,"84":1,"85":1,"86":1,"87":1,"88":1,"89":1,"90":1,"91":1,"92":1,"93":1,"94":0,"95":0,"96":1,"97":1,"98":1,"99":0,"100":0,"101":1,"102":1,"103":1,"104":1,"105":0,"106":0,"107":0,"108":0,"109":0,"110":0,"111":0,"112":0,"113":0,"114":0,"115":0,"116":0,"117":0,"118":1,"119":1,"120":1,"121":6,"122":6,"123":6,"124":6,"125":6,"126":1,"127":1,"128":5,"129":5,"130":6,"131":1,"132":1,"133":6,"134":1,"135":1,"136":1,"137":6,"138":6,"139":6,"140":6,"141":6,"142":6,"143":6,"144":6,"145":6,"146":6,"147":6,"148":0,"149":0,"150":6,"151":6,"152":6,"153":0,"154":0,"155":6,"156":1,"157":1,"158":1,"159":1,"160":1,"161":1,"162":1,"163":0,"164":0,"165":1,"166":1,"167":1,"168":0,"169":0,"170":1,"171":1,"172":1,"173":1,"174":6,"175":6,"176":6,"177":1,"178":1,"179":5,"180":5,"181":6,"182":1,"183":1,"184":1,"185":6,"186":1,"187":1,"188":1,"189":0,"190":0,"191":0,"192":0,"193":0,"194":0,"195":0,"196":0,"197":0,"198":0,"199":0,"200":0,"201":0,"202":0,"203":0,"204":0,"205":0,"206":0,"207":0,"208":1,"209":1,"210":1,"211":3,"212":3,"213":3,"214":3,"215":3,"216":3,"217":3,"218":0,"219":0,"220":3,"221":3,"222":3,"223":3,"224":1,"225":1,"226":1,"227":0,"228":0,"229":0,"230":0,"231":0,"232":0,"233":0,"234":0,"235":0,"236":0,"237":0,"238":1,"239":1,"240":1,"241":0,"242":0,"243":0,"244":0,"245":0,"246":0,"247":0,"248":0,"249":0,"250":0,"251":0,"252":1,"253":1,"254":1,"255":0,"256":0,"257":0,"258":0,"259":0,"260":0,"261":0,"262":0,"263":0,"264":0,"265":0,"266":1,"267":1,"268":1,"269":3,"270":3,"271":3,"272":3,"273":3,"274":3,"275":3,"276":3,"277":3,"278":3,"279":3,"280":3,"281":3,"282":3,"283":3,"284":3,"285":3,"286":3,"287":3,"288":3,"289":0,"290":0,"291":3,"292":3,"293":3,"294":0,"295":0,"296":3,"297":1,"298":1,"299":1,"300":2,"301":2,"302":2,"303":2,"304":2,"305":2,"306":2,"307":2,"308":2,"309":2,"310":2,"311":2,"312":2,"313":2,"314":2,"315":2,"316":2,"317":2,"318":2,"319":0,"320":0,"321":2,"322":2,"323":2,"324":0,"325":0,"326":2,"327":1,"328":1,"329":1,"330":3,"331":3,"332":3,"333":3,"334":3,"335":0,"336":0,"337":3,"338":3,"339":3,"340":0,"341":0,"342":3,"343":1,"344":1,"345":1},"branchMap":{"0":{"type":"branch","line":5,"loc":{"start":{"line":5,"column":11},"end":{"line":33,"column":5}},"locations":[{"start":{"line":5,"column":11},"end":{"line":33,"column":5}}]},"1":{"type":"branch","line":25,"loc":{"start":{"line":25,"column":29},"end":{"line":27,"column":13}},"locations":[{"start":{"line":25,"column":29},"end":{"line":27,"column":13}}]},"2":{"type":"branch","line":27,"loc":{"start":{"line":27,"column":12},"end":{"line":30,"column":10}},"locations":[{"start":{"line":27,"column":12},"end":{"line":30,"column":10}}]},"3":{"type":"branch","line":30,"loc":{"start":{"line":30,"column":10},"end":{"line":32,"column":9}},"locations":[{"start":{"line":30,"column":10},"end":{"line":32,"column":9}}]},"4":{"type":"branch","line":36,"loc":{"start":{"line":36,"column":11},"end":{"line":63,"column":5}},"locations":[{"start":{"line":36,"column":11},"end":{"line":63,"column":5}}]},"5":{"type":"branch","line":52,"loc":{"start":{"line":52,"column":29},"end":{"line":55,"column":13}},"locations":[{"start":{"line":52,"column":29},"end":{"line":55,"column":13}}]},"6":{"type":"branch","line":55,"loc":{"start":{"line":55,"column":12},"end":{"line":60,"column":10}},"locations":[{"start":{"line":55,"column":12},"end":{"line":60,"column":10}}]},"7":{"type":"branch","line":60,"loc":{"start":{"line":60,"column":10},"end":{"line":62,"column":9}},"locations":[{"start":{"line":60,"column":10},"end":{"line":62,"column":9}}]},"8":{"type":"branch","line":66,"loc":{"start":{"line":66,"column":11},"end":{"line":102,"column":5}},"locations":[{"start":{"line":66,"column":11},"end":{"line":102,"column":5}}]},"9":{"type":"branch","line":70,"loc":{"start":{"line":70,"column":57},"end":{"line":78,"column":13}},"locations":[{"start":{"line":70,"column":57},"end":{"line":78,"column":13}}]},"10":{"type":"branch","line":94,"loc":{"start":{"line":94,"column":29},"end":{"line":96,"column":13}},"locations":[{"start":{"line":94,"column":29},"end":{"line":96,"column":13}}]},"11":{"type":"branch","line":99,"loc":{"start":{"line":99,"column":10},"end":{"line":101,"column":9}},"locations":[{"start":{"line":99,"column":10},"end":{"line":101,"column":9}}]},"12":{"type":"branch","line":121,"loc":{"start":{"line":121,"column":11},"end":{"line":134,"column":5}},"locations":[{"start":{"line":121,"column":11},"end":{"line":134,"column":5}}]},"13":{"type":"branch","line":126,"loc":{"start":{"line":126,"column":30},"end":{"line":128,"column":13}},"locations":[{"start":{"line":126,"column":30},"end":{"line":128,"column":13}}]},"14":{"type":"branch","line":128,"loc":{"start":{"line":128,"column":12},"end":{"line":131,"column":10}},"locations":[{"start":{"line":128,"column":12},"end":{"line":131,"column":10}}]},"15":{"type":"branch","line":131,"loc":{"start":{"line":131,"column":10},"end":{"line":133,"column":9}},"locations":[{"start":{"line":131,"column":10},"end":{"line":133,"column":9}}]},"16":{"type":"branch","line":137,"loc":{"start":{"line":137,"column":11},"end":{"line":156,"column":5}},"locations":[{"start":{"line":137,"column":11},"end":{"line":156,"column":5}}]},"17":{"type":"branch","line":148,"loc":{"start":{"line":148,"column":29},"end":{"line":150,"column":13}},"locations":[{"start":{"line":148,"column":29},"end":{"line":150,"column":13}}]},"18":{"type":"branch","line":153,"loc":{"start":{"line":153,"column":10},"end":{"line":155,"column":9}},"locations":[{"start":{"line":153,"column":10},"end":{"line":155,"column":9}}]},"19":{"type":"branch","line":159,"loc":{"start":{"line":159,"column":11},"end":{"line":171,"column":5}},"locations":[{"start":{"line":159,"column":11},"end":{"line":171,"column":5}}]},"20":{"type":"branch","line":163,"loc":{"start":{"line":163,"column":29},"end":{"line":165,"column":13}},"locations":[{"start":{"line":163,"column":29},"end":{"line":165,"column":13}}]},"21":{"type":"branch","line":168,"loc":{"start":{"line":168,"column":10},"end":{"line":170,"column":9}},"locations":[{"start":{"line":168,"column":10},"end":{"line":170,"column":9}}]},"22":{"type":"branch","line":174,"loc":{"start":{"line":174,"column":11},"end":{"line":186,"column":5}},"locations":[{"start":{"line":174,"column":11},"end":{"line":186,"column":5}}]},"23":{"type":"branch","line":177,"loc":{"start":{"line":177,"column":29},"end":{"line":179,"column":13}},"locations":[{"start":{"line":177,"column":29},"end":{"line":179,"column":13}}]},"24":{"type":"branch","line":179,"loc":{"start":{"line":179,"column":12},"end":{"line":182,"column":10}},"locations":[{"start":{"line":179,"column":12},"end":{"line":182,"column":10}}]},"25":{"type":"branch","line":182,"loc":{"start":{"line":182,"column":10},"end":{"line":185,"column":9}},"locations":[{"start":{"line":182,"column":10},"end":{"line":185,"column":9}}]},"26":{"type":"branch","line":211,"loc":{"start":{"line":211,"column":11},"end":{"line":224,"column":5}},"locations":[{"start":{"line":211,"column":11},"end":{"line":224,"column":5}}]},"27":{"type":"branch","line":218,"loc":{"start":{"line":218,"column":12},"end":{"line":221,"column":10}},"locations":[{"start":{"line":218,"column":12},"end":{"line":221,"column":10}}]},"28":{"type":"branch","line":269,"loc":{"start":{"line":269,"column":11},"end":{"line":297,"column":5}},"locations":[{"start":{"line":269,"column":11},"end":{"line":297,"column":5}}]},"29":{"type":"branch","line":289,"loc":{"start":{"line":289,"column":29},"end":{"line":291,"column":13}},"locations":[{"start":{"line":289,"column":29},"end":{"line":291,"column":13}}]},"30":{"type":"branch","line":294,"loc":{"start":{"line":294,"column":10},"end":{"line":296,"column":9}},"locations":[{"start":{"line":294,"column":10},"end":{"line":296,"column":9}}]},"31":{"type":"branch","line":300,"loc":{"start":{"line":300,"column":11},"end":{"line":327,"column":5}},"locations":[{"start":{"line":300,"column":11},"end":{"line":327,"column":5}}]},"32":{"type":"branch","line":319,"loc":{"start":{"line":319,"column":29},"end":{"line":321,"column":13}},"locations":[{"start":{"line":319,"column":29},"end":{"line":321,"column":13}}]},"33":{"type":"branch","line":324,"loc":{"start":{"line":324,"column":10},"end":{"line":326,"column":9}},"locations":[{"start":{"line":324,"column":10},"end":{"line":326,"column":9}}]},"34":{"type":"branch","line":330,"loc":{"start":{"line":330,"column":11},"end":{"line":343,"column":5}},"locations":[{"start":{"line":330,"column":11},"end":{"line":343,"column":5}}]},"35":{"type":"branch","line":335,"loc":{"start":{"line":335,"column":29},"end":{"line":337,"column":13}},"locations":[{"start":{"line":335,"column":29},"end":{"line":337,"column":13}}]},"36":{"type":"branch","line":340,"loc":{"start":{"line":340,"column":10},"end":{"line":342,"column":9}},"locations":[{"start":{"line":340,"column":10},"end":{"line":342,"column":9}}]}},"b":{"0":[7],"1":[2],"2":[5],"3":[0],"4":[3],"5":[2],"6":[1],"7":[2],"8":[1],"9":[0],"10":[0],"11":[0],"12":[6],"13":[1],"14":[5],"15":[1],"16":[6],"17":[0],"18":[0],"19":[1],"20":[0],"21":[0],"22":[6],"23":[1],"24":[5],"25":[1],"26":[3],"27":[0],"28":[3],"29":[0],"30":[0],"31":[2],"32":[0],"33":[0],"34":[3],"35":[0],"36":[0]},"fnMap":{"0":{"name":"signup","decl":{"start":{"line":5,"column":11},"end":{"line":33,"column":5}},"loc":{"start":{"line":5,"column":11},"end":{"line":33,"column":5}},"line":5},"1":{"name":"login","decl":{"start":{"line":36,"column":11},"end":{"line":63,"column":5}},"loc":{"start":{"line":36,"column":11},"end":{"line":63,"column":5}},"line":36},"2":{"name":"updateUser","decl":{"start":{"line":66,"column":11},"end":{"line":102,"column":5}},"loc":{"start":{"line":66,"column":11},"end":{"line":102,"column":5}},"line":66},"3":{"name":"deleteUser","decl":{"start":{"line":105,"column":11},"end":{"line":118,"column":5}},"loc":{"start":{"line":105,"column":11},"end":{"line":118,"column":5}},"line":105},"4":{"name":"deleteUser","decl":{"start":{"line":121,"column":11},"end":{"line":134,"column":5}},"loc":{"start":{"line":121,"column":11},"end":{"line":134,"column":5}},"line":121},"5":{"name":"createHousehold","decl":{"start":{"line":137,"column":11},"end":{"line":156,"column":5}},"loc":{"start":{"line":137,"column":11},"end":{"line":156,"column":5}},"line":137},"6":{"name":"fetchHousehold","decl":{"start":{"line":159,"column":11},"end":{"line":171,"column":5}},"loc":{"start":{"line":159,"column":11},"end":{"line":171,"column":5}},"line":159},"7":{"name":"fetchHouseholdByJoin","decl":{"start":{"line":174,"column":11},"end":{"line":186,"column":5}},"loc":{"start":{"line":174,"column":11},"end":{"line":186,"column":5}},"line":174},"8":{"name":"editHousehold","decl":{"start":{"line":189,"column":11},"end":{"line":208,"column":5}},"loc":{"start":{"line":189,"column":11},"end":{"line":208,"column":5}},"line":189},"9":{"name":"deleteHousehold","decl":{"start":{"line":211,"column":11},"end":{"line":224,"column":5}},"loc":{"start":{"line":211,"column":11},"end":{"line":224,"column":5}},"line":211},"10":{"name":"fetchChores","decl":{"start":{"line":227,"column":11},"end":{"line":238,"column":5}},"loc":{"start":{"line":227,"column":11},"end":{"line":238,"column":5}},"line":227},"11":{"name":"fetchChoresByAssignee","decl":{"start":{"line":241,"column":11},"end":{"line":252,"column":5}},"loc":{"start":{"line":241,"column":11},"end":{"line":252,"column":5}},"line":241},"12":{"name":"fetchChore","decl":{"start":{"line":255,"column":11},"end":{"line":266,"column":5}},"loc":{"start":{"line":255,"column":11},"end":{"line":266,"column":5}},"line":255},"13":{"name":"createChore","decl":{"start":{"line":269,"column":11},"end":{"line":297,"column":5}},"loc":{"start":{"line":269,"column":11},"end":{"line":297,"column":5}},"line":269},"14":{"name":"editChore","decl":{"start":{"line":300,"column":11},"end":{"line":327,"column":5}},"loc":{"start":{"line":300,"column":11},"end":{"line":327,"column":5}},"line":300},"15":{"name":"deleteChore","decl":{"start":{"line":330,"column":11},"end":{"line":343,"column":5}},"loc":{"start":{"line":330,"column":11},"end":{"line":343,"column":5}},"line":330}},"f":{"0":7,"1":3,"2":1,"3":0,"4":6,"5":6,"6":1,"7":6,"8":0,"9":3,"10":0,"11":0,"12":0,"13":3,"14":2,"15":3}}
,"C:\\Users\\molli\\chore-chart\\client\\src\\components\\Login.vue": {"path":"C:\\Users\\molli\\chore-chart\\client\\src\\components\\Login.vue","all":false,"statementMap":{"1":{"start":{"line":2,"column":0},"end":{"line":2,"column":89}},"2":{"start":{"line":3,"column":0},"end":{"line":3,"column":41}},"4":{"start":{"line":5,"column":0},"end":{"line":5,"column":9}},"5":{"start":{"line":6,"column":0},"end":{"line":6,"column":11}},"6":{"start":{"line":7,"column":0},"end":{"line":7,"column":39}},"7":{"start":{"line":8,"column":0},"end":{"line":8,"column":18}},"8":{"start":{"line":9,"column":0},"end":{"line":9,"column":18}},"10":{"start":{"line":11,"column":0},"end":{"line":11,"column":23}},"11":{"start":{"line":12,"column":0},"end":{"line":12,"column":45}},"12":{"start":{"line":13,"column":0},"end":{"line":13,"column":52}},"13":{"start":{"line":14,"column":0},"end":{"line":14,"column":13}},"14":{"start":{"line":15,"column":0},"end":{"line":15,"column":16}},"15":{"start":{"line":16,"column":0},"end":{"line":16,"column":154}},"16":{"start":{"line":17,"column":0},"end":{"line":17,"column":135}},"17":{"start":{"line":18,"column":0},"end":{"line":18,"column":167}},"18":{"start":{"line":19,"column":0},"end":{"line":19,"column":206}},"19":{"start":{"line":20,"column":0},"end":{"line":20,"column":57}},"20":{"start":{"line":21,"column":0},"end":{"line":21,"column":77}},"22":{"start":{"line":23,"column":0},"end":{"line":23,"column":187}},"23":{"start":{"line":24,"column":0},"end":{"line":24,"column":20}},"24":{"start":{"line":25,"column":0},"end":{"line":25,"column":77}},"26":{"start":{"line":27,"column":0},"end":{"line":27,"column":200}},"27":{"start":{"line":28,"column":0},"end":{"line":28,"column":20}},"29":{"start":{"line":30,"column":0},"end":{"line":30,"column":76}},"30":{"start":{"line":31,"column":0},"end":{"line":31,"column":93}},"31":{"start":{"line":32,"column":0},"end":{"line":32,"column":237}},"32":{"start":{"line":33,"column":0},"end":{"line":33,"column":26}},"33":{"start":{"line":34,"column":0},"end":{"line":34,"column":95}},"34":{"start":{"line":35,"column":0},"end":{"line":35,"column":20}},"35":{"start":{"line":36,"column":0},"end":{"line":36,"column":72}},"36":{"start":{"line":37,"column":0},"end":{"line":37,"column":20}},"37":{"start":{"line":38,"column":0},"end":{"line":38,"column":27}},"38":{"start":{"line":39,"column":0},"end":{"line":39,"column":17}},"39":{"start":{"line":40,"column":0},"end":{"line":40,"column":17}},"42":{"start":{"line":43,"column":0},"end":{"line":43,"column":18}},"43":{"start":{"line":44,"column":0},"end":{"line":44,"column":15}},"44":{"start":{"line":45,"column":0},"end":{"line":45,"column":65}},"45":{"start":{"line":46,"column":0},"end":{"line":46,"column":125}},"46":{"start":{"line":47,"column":0},"end":{"line":47,"column":95}},"47":{"start":{"line":48,"column":0},"end":{"line":48,"column":20}},"48":{"start":{"line":49,"column":0},"end":{"line":49,"column":123}},"50":{"start":{"line":51,"column":0},"end":{"line":51,"column":129}},"51":{"start":{"line":52,"column":0},"end":{"line":52,"column":20}},"52":{"start":{"line":53,"column":0},"end":{"line":53,"column":122}},"53":{"start":{"line":54,"column":0},"end":{"line":54,"column":96}},"54":{"start":{"line":55,"column":0},"end":{"line":55,"column":20}},"55":{"start":{"line":56,"column":0},"end":{"line":56,"column":21}},"56":{"start":{"line":57,"column":0},"end":{"line":57,"column":138}},"58":{"start":{"line":59,"column":0},"end":{"line":59,"column":16}},"59":{"start":{"line":60,"column":0},"end":{"line":60,"column":15}},"60":{"start":{"line":61,"column":0},"end":{"line":61,"column":203}},"61":{"start":{"line":62,"column":0},"end":{"line":62,"column":16}},"62":{"start":{"line":63,"column":0},"end":{"line":63,"column":17}},"64":{"start":{"line":65,"column":0},"end":{"line":65,"column":16}},"65":{"start":{"line":66,"column":0},"end":{"line":66,"column":12}},"68":{"start":{"line":69,"column":0},"end":{"line":69,"column":14}},"69":{"start":{"line":70,"column":0},"end":{"line":70,"column":27}},"70":{"start":{"line":71,"column":0},"end":{"line":71,"column":47}},"71":{"start":{"line":72,"column":0},"end":{"line":72,"column":48}},"72":{"start":{"line":73,"column":0},"end":{"line":73,"column":0}},"73":{"start":{"line":74,"column":0},"end":{"line":74,"column":25}},"74":{"start":{"line":75,"column":0},"end":{"line":75,"column":27}},"75":{"start":{"line":76,"column":0},"end":{"line":76,"column":33}},"76":{"start":{"line":77,"column":0},"end":{"line":77,"column":29}},"77":{"start":{"line":78,"column":0},"end":{"line":78,"column":29}},"78":{"start":{"line":79,"column":0},"end":{"line":79,"column":29}},"79":{"start":{"line":80,"column":0},"end":{"line":80,"column":34}},"80":{"start":{"line":81,"column":0},"end":{"line":81,"column":135}},"81":{"start":{"line":82,"column":0},"end":{"line":82,"column":29}},"82":{"start":{"line":83,"column":0},"end":{"line":83,"column":29}},"83":{"start":{"line":84,"column":0},"end":{"line":84,"column":31}},"84":{"start":{"line":85,"column":0},"end":{"line":85,"column":29}},"85":{"start":{"line":86,"column":0},"end":{"line":86,"column":27}},"86":{"start":{"line":87,"column":0},"end":{"line":87,"column":2}},"87":{"start":{"line":88,"column":0},"end":{"line":88,"column":33}},"88":{"start":{"line":89,"column":0},"end":{"line":89,"column":4}},"89":{"start":{"line":90,"column":0},"end":{"line":90,"column":9}},"90":{"start":{"line":91,"column":0},"end":{"line":91,"column":20}},"91":{"start":{"line":92,"column":0},"end":{"line":92,"column":30}},"92":{"start":{"line":93,"column":0},"end":{"line":93,"column":37}},"93":{"start":{"line":94,"column":0},"end":{"line":94,"column":7}},"94":{"start":{"line":95,"column":0},"end":{"line":95,"column":52}},"95":{"start":{"line":96,"column":0},"end":{"line":96,"column":47}},"96":{"start":{"line":97,"column":0},"end":{"line":97,"column":30}},"97":{"start":{"line":98,"column":0},"end":{"line":98,"column":32}},"98":{"start":{"line":99,"column":0},"end":{"line":99,"column":32}},"99":{"start":{"line":100,"column":0},"end":{"line":100,"column":82}},"100":{"start":{"line":101,"column":0},"end":{"line":101,"column":0}},"101":{"start":{"line":102,"column":0},"end":{"line":102,"column":34}},"102":{"start":{"line":103,"column":0},"end":{"line":103,"column":0}},"103":{"start":{"line":104,"column":0},"end":{"line":104,"column":87}},"104":{"start":{"line":105,"column":0},"end":{"line":105,"column":28}},"105":{"start":{"line":106,"column":0},"end":{"line":106,"column":21}},"106":{"start":{"line":107,"column":0},"end":{"line":107,"column":44}},"107":{"start":{"line":108,"column":0},"end":{"line":108,"column":69}},"108":{"start":{"line":109,"column":0},"end":{"line":109,"column":31}},"109":{"start":{"line":110,"column":0},"end":{"line":110,"column":5}},"110":{"start":{"line":111,"column":0},"end":{"line":111,"column":3}},"111":{"start":{"line":112,"column":0},"end":{"line":112,"column":0}},"112":{"start":{"line":113,"column":0},"end":{"line":113,"column":26}},"113":{"start":{"line":114,"column":0},"end":{"line":114,"column":26}},"114":{"start":{"line":115,"column":0},"end":{"line":115,"column":30}},"115":{"start":{"line":116,"column":0},"end":{"line":116,"column":28}},"116":{"start":{"line":117,"column":0},"end":{"line":117,"column":23}},"117":{"start":{"line":118,"column":0},"end":{"line":118,"column":23}},"118":{"start":{"line":119,"column":0},"end":{"line":119,"column":31}},"119":{"start":{"line":120,"column":0},"end":{"line":120,"column":27}},"120":{"start":{"line":121,"column":0},"end":{"line":121,"column":27}},"121":{"start":{"line":122,"column":0},"end":{"line":122,"column":36}},"122":{"start":{"line":123,"column":0},"end":{"line":123,"column":36}},"123":{"start":{"line":124,"column":0},"end":{"line":124,"column":34}},"124":{"start":{"line":125,"column":0},"end":{"line":125,"column":33}},"125":{"start":{"line":126,"column":0},"end":{"line":126,"column":37}},"126":{"start":{"line":127,"column":0},"end":{"line":127,"column":45}},"127":{"start":{"line":128,"column":0},"end":{"line":128,"column":29}},"128":{"start":{"line":129,"column":0},"end":{"line":129,"column":0}},"129":{"start":{"line":130,"column":0},"end":{"line":130,"column":0}},"130":{"start":{"line":131,"column":0},"end":{"line":131,"column":3}},"131":{"start":{"line":132,"column":0},"end":{"line":132,"column":0}},"132":{"start":{"line":133,"column":0},"end":{"line":133,"column":25}},"133":{"start":{"line":134,"column":0},"end":{"line":134,"column":27}},"134":{"start":{"line":135,"column":0},"end":{"line":135,"column":23}},"135":{"start":{"line":136,"column":0},"end":{"line":136,"column":23}},"136":{"start":{"line":137,"column":0},"end":{"line":137,"column":34}},"137":{"start":{"line":138,"column":0},"end":{"line":138,"column":37}},"138":{"start":{"line":139,"column":0},"end":{"line":139,"column":3}},"139":{"start":{"line":140,"column":0},"end":{"line":140,"column":0}},"140":{"start":{"line":141,"column":0},"end":{"line":141,"column":32}},"141":{"start":{"line":142,"column":0},"end":{"line":142,"column":23}},"142":{"start":{"line":143,"column":0},"end":{"line":143,"column":27}},"143":{"start":{"line":144,"column":0},"end":{"line":144,"column":27}},"144":{"start":{"line":145,"column":0},"end":{"line":145,"column":5}},"145":{"start":{"line":146,"column":0},"end":{"line":146,"column":3}},"146":{"start":{"line":147,"column":0},"end":{"line":147,"column":0}},"147":{"start":{"line":148,"column":0},"end":{"line":148,"column":34}},"148":{"start":{"line":149,"column":0},"end":{"line":149,"column":24}},"149":{"start":{"line":150,"column":0},"end":{"line":150,"column":27}},"150":{"start":{"line":151,"column":0},"end":{"line":151,"column":27}},"151":{"start":{"line":152,"column":0},"end":{"line":152,"column":5}},"152":{"start":{"line":153,"column":0},"end":{"line":153,"column":3}},"153":{"start":{"line":154,"column":0},"end":{"line":154,"column":0}},"154":{"start":{"line":155,"column":0},"end":{"line":155,"column":29}},"155":{"start":{"line":156,"column":0},"end":{"line":156,"column":20}},"156":{"start":{"line":157,"column":0},"end":{"line":157,"column":27}},"157":{"start":{"line":158,"column":0},"end":{"line":158,"column":32}},"158":{"start":{"line":159,"column":0},"end":{"line":159,"column":48}},"159":{"start":{"line":160,"column":0},"end":{"line":160,"column":17}},"160":{"start":{"line":161,"column":0},"end":{"line":161,"column":3}},"161":{"start":{"line":162,"column":0},"end":{"line":162,"column":7}},"162":{"start":{"line":163,"column":0},"end":{"line":163,"column":33}},"163":{"start":{"line":164,"column":0},"end":{"line":164,"column":3}},"164":{"start":{"line":165,"column":0},"end":{"line":165,"column":0}},"165":{"start":{"line":166,"column":0},"end":{"line":166,"column":50}},"166":{"start":{"line":167,"column":0},"end":{"line":167,"column":0}},"167":{"start":{"line":168,"column":0},"end":{"line":168,"column":0}},"168":{"start":{"line":169,"column":0},"end":{"line":169,"column":34}},"169":{"start":{"line":170,"column":0},"end":{"line":170,"column":33}},"170":{"start":{"line":171,"column":0},"end":{"line":171,"column":70}},"171":{"start":{"line":172,"column":0},"end":{"line":172,"column":16}},"172":{"start":{"line":173,"column":0},"end":{"line":173,"column":3}},"173":{"start":{"line":174,"column":0},"end":{"line":174,"column":7}},"174":{"start":{"line":175,"column":0},"end":{"line":175,"column":34}},"175":{"start":{"line":176,"column":0},"end":{"line":176,"column":3}},"176":{"start":{"line":177,"column":0},"end":{"line":177,"column":2}},"177":{"start":{"line":178,"column":0},"end":{"line":178,"column":162}},"178":{"start":{"line":179,"column":0},"end":{"line":179,"column":36}},"179":{"start":{"line":180,"column":0},"end":{"line":180,"column":124}},"180":{"start":{"line":181,"column":0},"end":{"line":181,"column":18}},"181":{"start":{"line":182,"column":0},"end":{"line":182,"column":5}},"182":{"start":{"line":183,"column":0},"end":{"line":183,"column":9}},"183":{"start":{"line":184,"column":0},"end":{"line":184,"column":39}},"184":{"start":{"line":185,"column":0},"end":{"line":185,"column":5}},"185":{"start":{"line":186,"column":0},"end":{"line":186,"column":0}},"186":{"start":{"line":187,"column":0},"end":{"line":187,"column":50}},"187":{"start":{"line":188,"column":0},"end":{"line":188,"column":16}},"188":{"start":{"line":189,"column":0},"end":{"line":189,"column":67}},"189":{"start":{"line":190,"column":0},"end":{"line":190,"column":0}},"190":{"start":{"line":191,"column":0},"end":{"line":191,"column":3}},"191":{"start":{"line":192,"column":0},"end":{"line":192,"column":7}},"192":{"start":{"line":193,"column":0},"end":{"line":193,"column":45}},"193":{"start":{"line":194,"column":0},"end":{"line":194,"column":3}},"194":{"start":{"line":195,"column":0},"end":{"line":195,"column":0}},"195":{"start":{"line":196,"column":0},"end":{"line":196,"column":55}},"196":{"start":{"line":197,"column":0},"end":{"line":197,"column":42}},"197":{"start":{"line":198,"column":0},"end":{"line":198,"column":73}},"198":{"start":{"line":199,"column":0},"end":{"line":199,"column":16}},"199":{"start":{"line":200,"column":0},"end":{"line":200,"column":3}},"200":{"start":{"line":201,"column":0},"end":{"line":201,"column":7}},"201":{"start":{"line":202,"column":0},"end":{"line":202,"column":36}},"202":{"start":{"line":203,"column":0},"end":{"line":203,"column":0}},"203":{"start":{"line":204,"column":0},"end":{"line":204,"column":3}},"204":{"start":{"line":205,"column":0},"end":{"line":205,"column":0}},"205":{"start":{"line":206,"column":0},"end":{"line":206,"column":82}},"206":{"start":{"line":207,"column":0},"end":{"line":207,"column":42}},"207":{"start":{"line":208,"column":0},"end":{"line":208,"column":79}},"208":{"start":{"line":209,"column":0},"end":{"line":209,"column":17}},"209":{"start":{"line":210,"column":0},"end":{"line":210,"column":3}},"210":{"start":{"line":211,"column":0},"end":{"line":211,"column":7}},"211":{"start":{"line":212,"column":0},"end":{"line":212,"column":36}},"212":{"start":{"line":213,"column":0},"end":{"line":213,"column":3}},"213":{"start":{"line":214,"column":0},"end":{"line":214,"column":12}},"214":{"start":{"line":215,"column":0},"end":{"line":215,"column":0}},"215":{"start":{"line":216,"column":0},"end":{"line":216,"column":25}},"216":{"start":{"line":217,"column":0},"end":{"line":217,"column":26}},"217":{"start":{"line":218,"column":0},"end":{"line":218,"column":36}},"218":{"start":{"line":219,"column":0},"end":{"line":219,"column":29}},"219":{"start":{"line":220,"column":0},"end":{"line":220,"column":3}},"220":{"start":{"line":221,"column":0},"end":{"line":221,"column":0}},"221":{"start":{"line":222,"column":0},"end":{"line":222,"column":13}},"222":{"start":{"line":223,"column":0},"end":{"line":223,"column":0}},"223":{"start":{"line":224,"column":0},"end":{"line":224,"column":1}},"224":{"start":{"line":225,"column":0},"end":{"line":225,"column":0}},"225":{"start":{"line":226,"column":0},"end":{"line":226,"column":33}},"226":{"start":{"line":227,"column":0},"end":{"line":227,"column":22}},"227":{"start":{"line":228,"column":0},"end":{"line":228,"column":157}},"228":{"start":{"line":229,"column":0},"end":{"line":229,"column":109}},"229":{"start":{"line":230,"column":0},"end":{"line":230,"column":18}},"230":{"start":{"line":231,"column":0},"end":{"line":231,"column":5}},"231":{"start":{"line":232,"column":0},"end":{"line":232,"column":3}},"232":{"start":{"line":233,"column":0},"end":{"line":233,"column":23}},"233":{"start":{"line":234,"column":0},"end":{"line":234,"column":31}},"234":{"start":{"line":235,"column":0},"end":{"line":235,"column":5}},"235":{"start":{"line":236,"column":0},"end":{"line":236,"column":134}},"236":{"start":{"line":237,"column":0},"end":{"line":237,"column":15}},"237":{"start":{"line":238,"column":0},"end":{"line":238,"column":57}},"238":{"start":{"line":239,"column":0},"end":{"line":239,"column":19}},"239":{"start":{"line":240,"column":0},"end":{"line":240,"column":5}},"240":{"start":{"line":241,"column":0},"end":{"line":241,"column":29}},"241":{"start":{"line":242,"column":0},"end":{"line":242,"column":45}},"242":{"start":{"line":243,"column":0},"end":{"line":243,"column":18}},"243":{"start":{"line":244,"column":0},"end":{"line":244,"column":32}},"244":{"start":{"line":245,"column":0},"end":{"line":245,"column":28}},"245":{"start":{"line":246,"column":0},"end":{"line":246,"column":36}},"246":{"start":{"line":247,"column":0},"end":{"line":247,"column":28}},"247":{"start":{"line":248,"column":0},"end":{"line":248,"column":21}},"248":{"start":{"line":249,"column":0},"end":{"line":249,"column":38}},"249":{"start":{"line":250,"column":0},"end":{"line":250,"column":40}},"250":{"start":{"line":251,"column":0},"end":{"line":251,"column":5}},"251":{"start":{"line":252,"column":0},"end":{"line":252,"column":3}},"252":{"start":{"line":253,"column":0},"end":{"line":253,"column":2}},"253":{"start":{"line":254,"column":0},"end":{"line":254,"column":9}},"254":{"start":{"line":255,"column":0},"end":{"line":255,"column":0}},"255":{"start":{"line":256,"column":0},"end":{"line":256,"column":53}},"256":{"start":{"line":257,"column":0},"end":{"line":257,"column":31}},"257":{"start":{"line":258,"column":0},"end":{"line":258,"column":25}},"258":{"start":{"line":259,"column":0},"end":{"line":259,"column":57}},"259":{"start":{"line":260,"column":0},"end":{"line":260,"column":84}},"260":{"start":{"line":261,"column":0},"end":{"line":261,"column":7}},"261":{"start":{"line":262,"column":0},"end":{"line":262,"column":11}},"262":{"start":{"line":263,"column":0},"end":{"line":263,"column":0}},"263":{"start":{"line":264,"column":0},"end":{"line":264,"column":19}},"264":{"start":{"line":265,"column":0},"end":{"line":265,"column":30}},"265":{"start":{"line":266,"column":0},"end":{"line":266,"column":19}},"266":{"start":{"line":267,"column":0},"end":{"line":267,"column":7}},"267":{"start":{"line":268,"column":0},"end":{"line":268,"column":21}},"268":{"start":{"line":269,"column":0},"end":{"line":269,"column":45}},"269":{"start":{"line":270,"column":0},"end":{"line":270,"column":18}},"270":{"start":{"line":271,"column":0},"end":{"line":271,"column":5}},"271":{"start":{"line":272,"column":0},"end":{"line":272,"column":3}},"272":{"start":{"line":273,"column":0},"end":{"line":273,"column":0}}},"s":{"1":1,"2":1,"4":1,"5":1,"6":1,"7":1,"8":1,"10":1,"11":1,"12":1,"13":1,"14":1,"15":1,"16":1,"17":1,"18":1,"19":1,"20":1,"22":1,"23":1,"24":1,"26":1,"27":1,"29":1,"30":1,"31":1,"32":1,"33":1,"34":1,"35":1,"36":1,"37":1,"38":1,"39":1,"42":1,"43":1,"44":1,"45":1,"46":1,"47":1,"48":1,"50":1,"51":1,"52":1,"53":1,"54":1,"55":1,"56":1,"58":1,"59":1,"60":1,"61":1,"62":1,"64":1,"65":1,"68":1,"69":1,"70":1,"71":1,"72":1,"73":1,"74":1,"75":1,"76":1,"77":1,"78":1,"79":1,"80":1,"81":1,"82":1,"83":1,"84":1,"85":1,"86":1,"87":1,"88":3,"89":3,"90":3,"91":3,"92":3,"93":3,"94":3,"95":3,"96":3,"97":3,"98":3,"99":3,"100":1,"101":1,"102":1,"103":1,"104":1,"105":3,"106":2,"107":2,"108":2,"109":2,"110":3,"111":1,"112":1,"113":3,"114":3,"115":3,"116":3,"117":3,"118":3,"119":3,"120":3,"121":3,"122":3,"123":3,"124":3,"125":3,"126":3,"127":3,"128":3,"129":3,"130":3,"131":1,"132":1,"133":8,"134":8,"135":8,"136":8,"137":8,"138":8,"139":1,"140":1,"141":3,"142":3,"143":1,"144":1,"145":3,"146":1,"147":1,"148":3,"149":3,"150":1,"151":1,"152":3,"153":1,"154":1,"155":14,"156":14,"157":5,"158":5,"159":5,"160":5,"161":9,"162":9,"163":9,"164":14,"165":14,"166":14,"167":14,"168":14,"169":1,"170":1,"171":1,"172":1,"173":13,"174":13,"175":13,"176":14,"177":14,"178":1,"179":1,"180":1,"181":1,"182":13,"183":13,"184":13,"185":14,"186":14,"187":7,"188":7,"189":7,"190":7,"191":7,"192":7,"193":7,"194":14,"195":14,"196":1,"197":1,"198":1,"199":1,"200":13,"201":13,"202":13,"203":13,"204":14,"205":14,"206":2,"207":2,"208":2,"209":2,"210":12,"211":12,"212":12,"213":14,"214":2,"215":2,"216":2,"217":2,"218":2,"219":2,"220":14,"221":14,"222":14,"223":14,"224":1,"225":1,"226":11,"227":9,"228":3,"229":3,"230":3,"231":9,"232":8,"233":8,"234":8,"235":11,"236":11,"237":1,"238":1,"239":1,"240":7,"241":7,"242":7,"243":7,"244":7,"245":7,"246":7,"247":7,"248":7,"249":7,"250":7,"251":7,"252":7,"253":7,"254":7,"255":7,"256":7,"257":11,"258":1,"259":1,"260":1,"261":6,"262":6,"263":6,"264":6,"265":6,"266":6,"267":11,"268":0,"269":0,"270":0,"271":11,"272":1},"branchMap":{"0":{"type":"branch","line":88,"loc":{"start":{"line":88,"column":2},"end":{"line":111,"column":3}},"locations":[{"start":{"line":88,"column":2},"end":{"line":111,"column":3}}]},"1":{"type":"branch","line":101,"loc":{"start":{"line":101,"column":-2},"end":{"line":106,"column":6}},"locations":[{"start":{"line":101,"column":-2},"end":{"line":106,"column":6}}]},"2":{"type":"branch","line":106,"loc":{"start":{"line":106,"column":6},"end":{"line":110,"column":5}},"locations":[{"start":{"line":106,"column":6},"end":{"line":110,"column":5}}]},"3":{"type":"branch","line":113,"loc":{"start":{"line":113,"column":2},"end":{"line":131,"column":3}},"locations":[{"start":{"line":113,"column":2},"end":{"line":131,"column":3}}]},"4":{"type":"branch","line":133,"loc":{"start":{"line":133,"column":2},"end":{"line":139,"column":3}},"locations":[{"start":{"line":133,"column":2},"end":{"line":139,"column":3}}]},"5":{"type":"branch","line":141,"loc":{"start":{"line":141,"column":2},"end":{"line":146,"column":3}},"locations":[{"start":{"line":141,"column":2},"end":{"line":146,"column":3}}]},"6":{"type":"branch","line":143,"loc":{"start":{"line":143,"column":26},"end":{"line":145,"column":5}},"locations":[{"start":{"line":143,"column":26},"end":{"line":145,"column":5}}]},"7":{"type":"branch","line":148,"loc":{"start":{"line":148,"column":2},"end":{"line":153,"column":3}},"locations":[{"start":{"line":148,"column":2},"end":{"line":153,"column":3}}]},"8":{"type":"branch","line":150,"loc":{"start":{"line":150,"column":26},"end":{"line":152,"column":5}},"locations":[{"start":{"line":150,"column":26},"end":{"line":152,"column":5}}]},"9":{"type":"branch","line":155,"loc":{"start":{"line":155,"column":2},"end":{"line":224,"column":1}},"locations":[{"start":{"line":155,"column":2},"end":{"line":224,"column":1}}]},"10":{"type":"branch","line":157,"loc":{"start":{"line":157,"column":26},"end":{"line":161,"column":3}},"locations":[{"start":{"line":157,"column":26},"end":{"line":161,"column":3}}]},"11":{"type":"branch","line":162,"loc":{"start":{"line":162,"column":-2},"end":{"line":164,"column":3}},"locations":[{"start":{"line":162,"column":-2},"end":{"line":164,"column":3}}]},"12":{"type":"branch","line":169,"loc":{"start":{"line":169,"column":33},"end":{"line":173,"column":3}},"locations":[{"start":{"line":169,"column":33},"end":{"line":173,"column":3}}]},"13":{"type":"branch","line":174,"loc":{"start":{"line":174,"column":-2},"end":{"line":176,"column":3}},"locations":[{"start":{"line":174,"column":-2},"end":{"line":176,"column":3}}]},"14":{"type":"branch","line":178,"loc":{"start":{"line":178,"column":161},"end":{"line":182,"column":5}},"locations":[{"start":{"line":178,"column":161},"end":{"line":182,"column":5}}]},"15":{"type":"branch","line":183,"loc":{"start":{"line":183,"column":-2},"end":{"line":185,"column":5}},"locations":[{"start":{"line":183,"column":-2},"end":{"line":185,"column":5}}]},"16":{"type":"branch","line":187,"loc":{"start":{"line":187,"column":49},"end":{"line":194,"column":3}},"locations":[{"start":{"line":187,"column":49},"end":{"line":194,"column":3}}]},"17":{"type":"branch","line":196,"loc":{"start":{"line":196,"column":54},"end":{"line":200,"column":3}},"locations":[{"start":{"line":196,"column":54},"end":{"line":200,"column":3}}]},"18":{"type":"branch","line":201,"loc":{"start":{"line":201,"column":-2},"end":{"line":204,"column":3}},"locations":[{"start":{"line":201,"column":-2},"end":{"line":204,"column":3}}]},"19":{"type":"branch","line":206,"loc":{"start":{"line":206,"column":81},"end":{"line":210,"column":3}},"locations":[{"start":{"line":206,"column":81},"end":{"line":210,"column":3}}]},"20":{"type":"branch","line":211,"loc":{"start":{"line":211,"column":-2},"end":{"line":213,"column":3}},"locations":[{"start":{"line":211,"column":-2},"end":{"line":213,"column":3}}]},"21":{"type":"branch","line":214,"loc":{"start":{"line":214,"column":11},"end":{"line":220,"column":3}},"locations":[{"start":{"line":214,"column":11},"end":{"line":220,"column":3}}]},"22":{"type":"branch","line":226,"loc":{"start":{"line":226,"column":2},"end":{"line":272,"column":3}},"locations":[{"start":{"line":226,"column":2},"end":{"line":272,"column":3}}]},"23":{"type":"branch","line":227,"loc":{"start":{"line":227,"column":21},"end":{"line":232,"column":3}},"locations":[{"start":{"line":227,"column":21},"end":{"line":232,"column":3}}]},"24":{"type":"branch","line":228,"loc":{"start":{"line":228,"column":29},"end":{"line":228,"column":63}},"locations":[{"start":{"line":228,"column":29},"end":{"line":228,"column":63}}]},"25":{"type":"branch","line":228,"loc":{"start":{"line":228,"column":64},"end":{"line":228,"column":155}},"locations":[{"start":{"line":228,"column":64},"end":{"line":228,"column":155}}]},"26":{"type":"branch","line":228,"loc":{"start":{"line":228,"column":111},"end":{"line":228,"column":154}},"locations":[{"start":{"line":228,"column":111},"end":{"line":228,"column":154}}]},"27":{"type":"branch","line":228,"loc":{"start":{"line":228,"column":156},"end":{"line":231,"column":5}},"locations":[{"start":{"line":228,"column":156},"end":{"line":231,"column":5}}]},"28":{"type":"branch","line":232,"loc":{"start":{"line":232,"column":2},"end":{"line":236,"column":29}},"locations":[{"start":{"line":232,"column":2},"end":{"line":236,"column":29}}]},"29":{"type":"branch","line":236,"loc":{"start":{"line":236,"column":29},"end":{"line":236,"column":87}},"locations":[{"start":{"line":236,"column":29},"end":{"line":236,"column":87}}]},"30":{"type":"branch","line":236,"loc":{"start":{"line":236,"column":87},"end":{"line":236,"column":134}},"locations":[{"start":{"line":236,"column":87},"end":{"line":236,"column":134}}]},"31":{"type":"branch","line":237,"loc":{"start":{"line":237,"column":-2},"end":{"line":237,"column":14}},"locations":[{"start":{"line":237,"column":-2},"end":{"line":237,"column":14}}]},"32":{"type":"branch","line":237,"loc":{"start":{"line":237,"column":14},"end":{"line":240,"column":5}},"locations":[{"start":{"line":237,"column":14},"end":{"line":240,"column":5}}]},"33":{"type":"branch","line":240,"loc":{"start":{"line":240,"column":4},"end":{"line":258,"column":24}},"locations":[{"start":{"line":240,"column":4},"end":{"line":258,"column":24}}]},"34":{"type":"branch","line":258,"loc":{"start":{"line":258,"column":24},"end":{"line":261,"column":7}},"locations":[{"start":{"line":258,"column":24},"end":{"line":261,"column":7}}]},"35":{"type":"branch","line":262,"loc":{"start":{"line":262,"column":-2},"end":{"line":267,"column":7}},"locations":[{"start":{"line":262,"column":-2},"end":{"line":267,"column":7}}]},"36":{"type":"branch","line":268,"loc":{"start":{"line":268,"column":6},"end":{"line":271,"column":5}},"locations":[{"start":{"line":268,"column":6},"end":{"line":271,"column":5}}]},"37":{"type":"branch","line":13,"loc":{"start":{"line":13,"column":20},"end":{"line":13,"column":52}},"locations":[{"start":{"line":13,"column":20},"end":{"line":13,"column":52}}]},"38":{"type":"branch","line":13,"loc":{"start":{"line":13,"column":20},"end":{"line":13,"column":52}},"locations":[{"start":{"line":13,"column":20},"end":{"line":13,"column":52}}]},"39":{"type":"branch","line":16,"loc":{"start":{"line":16,"column":108},"end":{"line":16,"column":124}},"locations":[{"start":{"line":16,"column":108},"end":{"line":16,"column":124}}]},"40":{"type":"branch","line":17,"loc":{"start":{"line":17,"column":93},"end":{"line":17,"column":104}},"locations":[{"start":{"line":17,"column":93},"end":{"line":17,"column":104}}]},"41":{"type":"branch","line":18,"loc":{"start":{"line":18,"column":102},"end":{"line":18,"column":113}},"locations":[{"start":{"line":18,"column":102},"end":{"line":18,"column":113}}]},"42":{"type":"branch","line":19,"loc":{"start":{"line":19,"column":123},"end":{"line":19,"column":142}},"locations":[{"start":{"line":19,"column":123},"end":{"line":19,"column":142}}]},"43":{"type":"branch","line":57,"loc":{"start":{"line":57,"column":96},"end":{"line":57,"column":118}},"locations":[{"start":{"line":57,"column":96},"end":{"line":57,"column":118}}]},"44":{"type":"branch","line":61,"loc":{"start":{"line":61,"column":104},"end":{"line":61,"column":124}},"locations":[{"start":{"line":61,"column":104},"end":{"line":61,"column":124}}]},"45":{"type":"branch","line":16,"loc":{"start":{"line":16,"column":108},"end":{"line":16,"column":124}},"locations":[{"start":{"line":16,"column":108},"end":{"line":16,"column":124}}]},"46":{"type":"branch","line":17,"loc":{"start":{"line":17,"column":93},"end":{"line":17,"column":104}},"locations":[{"start":{"line":17,"column":93},"end":{"line":17,"column":104}}]},"47":{"type":"branch","line":18,"loc":{"start":{"line":18,"column":102},"end":{"line":18,"column":113}},"locations":[{"start":{"line":18,"column":102},"end":{"line":18,"column":113}}]},"48":{"type":"branch","line":19,"loc":{"start":{"line":19,"column":123},"end":{"line":19,"column":142}},"locations":[{"start":{"line":19,"column":123},"end":{"line":19,"column":142}}]},"49":{"type":"branch","line":30,"loc":{"start":{"line":30,"column":52},"end":{"line":30,"column":64}},"locations":[{"start":{"line":30,"column":52},"end":{"line":30,"column":64}}]},"50":{"type":"branch","line":22,"loc":{"start":{"line":22,"column":-2},"end":{"line":23,"column":30}},"locations":[{"start":{"line":22,"column":-2},"end":{"line":23,"column":30}}]},"51":{"type":"branch","line":23,"loc":{"start":{"line":23,"column":119},"end":{"line":23,"column":135}},"locations":[{"start":{"line":23,"column":119},"end":{"line":23,"column":135}}]},"52":{"type":"branch","line":23,"loc":{"start":{"line":23,"column":119},"end":{"line":23,"column":135}},"locations":[{"start":{"line":23,"column":119},"end":{"line":23,"column":135}}]},"53":{"type":"branch","line":26,"loc":{"start":{"line":26,"column":-2},"end":{"line":27,"column":30}},"locations":[{"start":{"line":26,"column":-2},"end":{"line":27,"column":30}}]},"54":{"type":"branch","line":27,"loc":{"start":{"line":27,"column":119},"end":{"line":27,"column":135}},"locations":[{"start":{"line":27,"column":119},"end":{"line":27,"column":135}}]},"55":{"type":"branch","line":27,"loc":{"start":{"line":27,"column":119},"end":{"line":27,"column":135}},"locations":[{"start":{"line":27,"column":119},"end":{"line":27,"column":135}}]},"56":{"type":"branch","line":30,"loc":{"start":{"line":30,"column":52},"end":{"line":30,"column":64}},"locations":[{"start":{"line":30,"column":52},"end":{"line":30,"column":64}}]},"57":{"type":"branch","line":31,"loc":{"start":{"line":31,"column":31},"end":{"line":31,"column":77}},"locations":[{"start":{"line":31,"column":31},"end":{"line":31,"column":77}}]},"58":{"type":"branch","line":31,"loc":{"start":{"line":31,"column":31},"end":{"line":31,"column":77}},"locations":[{"start":{"line":31,"column":31},"end":{"line":31,"column":77}}]},"59":{"type":"branch","line":32,"loc":{"start":{"line":32,"column":73},"end":{"line":32,"column":92}},"locations":[{"start":{"line":32,"column":73},"end":{"line":32,"column":92}}]},"60":{"type":"branch","line":32,"loc":{"start":{"line":32,"column":92},"end":{"line":32,"column":118}},"locations":[{"start":{"line":32,"column":92},"end":{"line":32,"column":118}}]},"61":{"type":"branch","line":32,"loc":{"start":{"line":32,"column":131},"end":{"line":32,"column":148}},"locations":[{"start":{"line":32,"column":131},"end":{"line":32,"column":148}}]},"62":{"type":"branch","line":32,"loc":{"start":{"line":32,"column":165},"end":{"line":32,"column":237}},"locations":[{"start":{"line":32,"column":165},"end":{"line":32,"column":237}}]},"63":{"type":"branch","line":32,"loc":{"start":{"line":32,"column":165},"end":{"line":32,"column":237}},"locations":[{"start":{"line":32,"column":165},"end":{"line":32,"column":237}}]},"64":{"type":"branch","line":32,"loc":{"start":{"line":32,"column":131},"end":{"line":32,"column":148}},"locations":[{"start":{"line":32,"column":131},"end":{"line":32,"column":148}}]},"65":{"type":"branch","line":34,"loc":{"start":{"line":34,"column":38},"end":{"line":34,"column":60}},"locations":[{"start":{"line":34,"column":38},"end":{"line":34,"column":60}}]},"66":{"type":"branch","line":36,"loc":{"start":{"line":36,"column":45},"end":{"line":36,"column":65}},"locations":[{"start":{"line":36,"column":45},"end":{"line":36,"column":65}}]},"67":{"type":"branch","line":34,"loc":{"start":{"line":34,"column":38},"end":{"line":34,"column":60}},"locations":[{"start":{"line":34,"column":38},"end":{"line":34,"column":60}}]},"68":{"type":"branch","line":36,"loc":{"start":{"line":36,"column":45},"end":{"line":36,"column":65}},"locations":[{"start":{"line":36,"column":45},"end":{"line":36,"column":65}}]},"69":{"type":"branch","line":51,"loc":{"start":{"line":51,"column":78},"end":{"line":51,"column":105}},"locations":[{"start":{"line":51,"column":78},"end":{"line":51,"column":105}}]},"70":{"type":"branch","line":51,"loc":{"start":{"line":51,"column":78},"end":{"line":51,"column":105}},"locations":[{"start":{"line":51,"column":78},"end":{"line":51,"column":105}}]},"71":{"type":"branch","line":54,"loc":{"start":{"line":54,"column":50},"end":{"line":54,"column":74}},"locations":[{"start":{"line":54,"column":50},"end":{"line":54,"column":74}}]},"72":{"type":"branch","line":54,"loc":{"start":{"line":54,"column":50},"end":{"line":54,"column":74}},"locations":[{"start":{"line":54,"column":50},"end":{"line":54,"column":74}}]},"73":{"type":"branch","line":57,"loc":{"start":{"line":57,"column":96},"end":{"line":57,"column":118}},"locations":[{"start":{"line":57,"column":96},"end":{"line":57,"column":118}}]},"74":{"type":"branch","line":61,"loc":{"start":{"line":61,"column":104},"end":{"line":61,"column":124}},"locations":[{"start":{"line":61,"column":104},"end":{"line":61,"column":124}}]}},"b":{"0":[3],"1":[1],"2":[2],"3":[3],"4":[8],"5":[3],"6":[1],"7":[3],"8":[1],"9":[14],"10":[5],"11":[9],"12":[1],"13":[13],"14":[1],"15":[13],"16":[7],"17":[1],"18":[13],"19":[2],"20":[12],"21":[2],"22":[11],"23":[9],"24":[7],"25":[7],"26":[1],"27":[3],"28":[8],"29":[2],"30":[6],"31":[6],"32":[1],"33":[7],"34":[1],"35":[6],"36":[0],"37":[16],"38":[41],"39":[16],"40":[40],"41":[40],"42":[16],"43":[40],"44":[40],"45":[1],"46":[1],"47":[1],"48":[1],"49":[16],"50":[1],"51":[16],"52":[4],"53":[1],"54":[16],"55":[1],"56":[1],"57":[11],"58":[1],"59":[1],"60":[13],"61":[8],"62":[13],"63":[1],"64":[1],"65":[8],"66":[8],"67":[1],"68":[1],"69":[16],"70":[1],"71":[16],"72":[1],"73":[1],"74":[1]},"fnMap":{"0":{"name":"validateLogin","decl":{"start":{"line":88,"column":2},"end":{"line":111,"column":3}},"loc":{"start":{"line":88,"column":2},"end":{"line":111,"column":3}},"line":88},"1":{"name":"switchCreate","decl":{"start":{"line":113,"column":2},"end":{"line":131,"column":3}},"loc":{"start":{"line":113,"column":2},"end":{"line":131,"column":3}},"line":113},"2":{"name":"switchLogin","decl":{"start":{"line":133,"column":2},"end":{"line":139,"column":3}},"loc":{"start":{"line":133,"column":2},"end":{"line":139,"column":3}},"line":133},"3":{"name":"joinButtonSwitches","decl":{"start":{"line":141,"column":2},"end":{"line":146,"column":3}},"loc":{"start":{"line":141,"column":2},"end":{"line":146,"column":3}},"line":141},"4":{"name":"CreateButtonSwitches","decl":{"start":{"line":148,"column":2},"end":{"line":153,"column":3}},"loc":{"start":{"line":148,"column":2},"end":{"line":153,"column":3}},"line":148},"5":{"name":"validateProfile","decl":{"start":{"line":155,"column":2},"end":{"line":224,"column":1}},"loc":{"start":{"line":155,"column":2},"end":{"line":224,"column":1}},"line":155},"6":{"name":"createProfile","decl":{"start":{"line":226,"column":2},"end":{"line":272,"column":3}},"loc":{"start":{"line":226,"column":2},"end":{"line":272,"column":3}},"line":226},"7":{"name":"onUpdate:modelValue._cache.<computed>._cache.<computed>","decl":{"start":{"line":16,"column":108},"end":{"line":16,"column":124}},"loc":{"start":{"line":16,"column":108},"end":{"line":16,"column":124}},"line":16},"8":{"name":"onUpdate:modelValue._cache.<computed>._cache.<computed>","decl":{"start":{"line":17,"column":93},"end":{"line":17,"column":104}},"loc":{"start":{"line":17,"column":93},"end":{"line":17,"column":104}},"line":17},"9":{"name":"onUpdate:modelValue._cache.<computed>._cache.<computed>","decl":{"start":{"line":18,"column":102},"end":{"line":18,"column":113}},"loc":{"start":{"line":18,"column":102},"end":{"line":18,"column":113}},"line":18},"10":{"name":"onUpdate:modelValue._cache.<computed>._cache.<computed>","decl":{"start":{"line":19,"column":123},"end":{"line":19,"column":142}},"loc":{"start":{"line":19,"column":123},"end":{"line":19,"column":142}},"line":19},"11":{"name":"onUpdate:modelValue._cache.<computed>._cache.<computed>","decl":{"start":{"line":23,"column":119},"end":{"line":23,"column":135}},"loc":{"start":{"line":23,"column":119},"end":{"line":23,"column":135}},"line":23},"12":{"name":"onUpdate:modelValue._cache.<computed>._cache.<computed>","decl":{"start":{"line":27,"column":119},"end":{"line":27,"column":135}},"loc":{"start":{"line":27,"column":119},"end":{"line":27,"column":135}},"line":27},"13":{"name":"onUpdate:modelValue._cache.<computed>._cache.<computed>","decl":{"start":{"line":30,"column":52},"end":{"line":30,"column":64}},"loc":{"start":{"line":30,"column":52},"end":{"line":30,"column":64}},"line":30},"14":{"name":"onUpdate:modelValue._cache.<computed>._cache.<computed>","decl":{"start":{"line":32,"column":131},"end":{"line":32,"column":148}},"loc":{"start":{"line":32,"column":131},"end":{"line":32,"column":148}},"line":32},"15":{"name":"onClick._cache.<computed>._cache.<computed>","decl":{"start":{"line":34,"column":38},"end":{"line":34,"column":60}},"loc":{"start":{"line":34,"column":38},"end":{"line":34,"column":60}},"line":34},"16":{"name":"onClick._cache.<computed>._cache.<computed>","decl":{"start":{"line":36,"column":45},"end":{"line":36,"column":65}},"loc":{"start":{"line":36,"column":45},"end":{"line":36,"column":65}},"line":36},"17":{"name":"onClick._cache.<computed>._cache.<computed>","decl":{"start":{"line":51,"column":78},"end":{"line":51,"column":105}},"loc":{"start":{"line":51,"column":78},"end":{"line":51,"column":105}},"line":51},"18":{"name":"onClick._cache.<computed>._cache.<computed>","decl":{"start":{"line":54,"column":50},"end":{"line":54,"column":74}},"loc":{"start":{"line":54,"column":50},"end":{"line":54,"column":74}},"line":54},"19":{"name":"onClick._cache.<computed>._cache.<computed>","decl":{"start":{"line":57,"column":96},"end":{"line":57,"column":118}},"loc":{"start":{"line":57,"column":96},"end":{"line":57,"column":118}},"line":57},"20":{"name":"onClick._cache.<computed>._cache.<computed>","decl":{"start":{"line":61,"column":104},"end":{"line":61,"column":124}},"loc":{"start":{"line":61,"column":104},"end":{"line":61,"column":124}},"line":61}},"f":{"0":3,"1":3,"2":8,"3":3,"4":3,"5":14,"6":11,"7":1,"8":1,"9":1,"10":1,"11":4,"12":1,"13":1,"14":1,"15":1,"16":1,"17":1,"18":1,"19":1,"20":1}}
,"C:\\Users\\molli\\chore-chart\\client\\src\\components\\Profile.vue": {"path":"C:\\Users\\molli\\chore-chart\\client\\src\\components\\Profile.vue","all":false,"statementMap":{"1":{"start":{"line":2,"column":0},"end":{"line":2,"column":63}},"2":{"start":{"line":3,"column":0},"end":{"line":3,"column":67}},"3":{"start":{"line":4,"column":0},"end":{"line":4,"column":25}},"4":{"start":{"line":5,"column":0},"end":{"line":5,"column":84}},"5":{"start":{"line":6,"column":0},"end":{"line":6,"column":104}},"7":{"start":{"line":8,"column":0},"end":{"line":8,"column":115}},"9":{"start":{"line":10,"column":0},"end":{"line":10,"column":83}},"10":{"start":{"line":11,"column":0},"end":{"line":11,"column":49}},"11":{"start":{"line":12,"column":0},"end":{"line":12,"column":87}},"12":{"start":{"line":13,"column":0},"end":{"line":13,"column":48}},"13":{"start":{"line":14,"column":0},"end":{"line":14,"column":94}},"14":{"start":{"line":15,"column":0},"end":{"line":15,"column":51}},"15":{"start":{"line":16,"column":0},"end":{"line":16,"column":50}},"16":{"start":{"line":17,"column":0},"end":{"line":17,"column":56}},"17":{"start":{"line":18,"column":0},"end":{"line":18,"column":114}},"18":{"start":{"line":19,"column":0},"end":{"line":19,"column":26}},"19":{"start":{"line":20,"column":0},"end":{"line":20,"column":71}},"20":{"start":{"line":21,"column":0},"end":{"line":21,"column":20}},"21":{"start":{"line":22,"column":0},"end":{"line":22,"column":27}},"22":{"start":{"line":23,"column":0},"end":{"line":23,"column":17}},"23":{"start":{"line":24,"column":0},"end":{"line":24,"column":17}},"24":{"start":{"line":25,"column":0},"end":{"line":25,"column":13}},"25":{"start":{"line":26,"column":0},"end":{"line":26,"column":12}},"27":{"start":{"line":28,"column":0},"end":{"line":28,"column":14}},"28":{"start":{"line":29,"column":0},"end":{"line":29,"column":26}},"29":{"start":{"line":30,"column":0},"end":{"line":30,"column":47}},"30":{"start":{"line":31,"column":0},"end":{"line":31,"column":42}},"31":{"start":{"line":32,"column":0},"end":{"line":32,"column":28}},"32":{"start":{"line":33,"column":0},"end":{"line":33,"column":39}},"33":{"start":{"line":34,"column":0},"end":{"line":34,"column":33}},"34":{"start":{"line":35,"column":0},"end":{"line":35,"column":48}},"35":{"start":{"line":36,"column":0},"end":{"line":36,"column":50}},"36":{"start":{"line":37,"column":0},"end":{"line":37,"column":29}},"37":{"start":{"line":38,"column":0},"end":{"line":38,"column":0}},"38":{"start":{"line":39,"column":0},"end":{"line":39,"column":32}},"39":{"start":{"line":40,"column":0},"end":{"line":40,"column":1}},"40":{"start":{"line":41,"column":0},"end":{"line":41,"column":63}},"41":{"start":{"line":42,"column":0},"end":{"line":42,"column":21}},"42":{"start":{"line":43,"column":0},"end":{"line":43,"column":26}},"43":{"start":{"line":44,"column":0},"end":{"line":44,"column":36}},"44":{"start":{"line":45,"column":0},"end":{"line":45,"column":37}},"45":{"start":{"line":46,"column":0},"end":{"line":46,"column":4}},"46":{"start":{"line":47,"column":0},"end":{"line":47,"column":0}},"47":{"start":{"line":48,"column":0},"end":{"line":48,"column":30}},"48":{"start":{"line":49,"column":0},"end":{"line":49,"column":35}},"49":{"start":{"line":50,"column":0},"end":{"line":50,"column":45}},"50":{"start":{"line":51,"column":0},"end":{"line":51,"column":47}},"51":{"start":{"line":52,"column":0},"end":{"line":52,"column":14}},"52":{"start":{"line":53,"column":0},"end":{"line":53,"column":0}},"53":{"start":{"line":54,"column":0},"end":{"line":54,"column
[...]
cations":[{"start":{"line":437,"column":39},"end":{"line":437,"column":77}}]},"16":{"type":"branch","line":440,"loc":{"start":{"line":440,"column":2},"end":{"line":443,"column":3}},"locations":[{"start":{"line":440,"column":2},"end":{"line":443,"column":3}}]},"17":{"type":"branch","line":445,"loc":{"start":{"line":445,"column":2},"end":{"line":459,"column":3}},"locations":[{"start":{"line":445,"column":2},"end":{"line":459,"column":3}}]},"18":{"type":"branch","line":455,"loc":{"start":{"line":455,"column":55},"end":{"line":455,"column":92}},"locations":[{"start":{"line":455,"column":55},"end":{"line":455,"column":92}}]},"19":{"type":"branch","line":456,"loc":{"start":{"line":456,"column":34},"end":{"line":456,"column":71}},"locations":[{"start":{"line":456,"column":34},"end":{"line":456,"column":71}}]},"20":{"type":"branch","line":456,"loc":{"start":{"line":456,"column":81},"end":{"line":456,"column":130}},"locations":[{"start":{"line":456,"column":81},"end":{"line":456,"column":130}}]},"21":{"type":"branch","line":461,"loc":{"start":{"line":461,"column":2},"end":{"line":464,"column":3}},"locations":[{"start":{"line":461,"column":2},"end":{"line":464,"column":3}}]},"22":{"type":"branch","line":466,"loc":{"start":{"line":466,"column":2},"end":{"line":469,"column":3}},"locations":[{"start":{"line":466,"column":2},"end":{"line":469,"column":3}}]},"23":{"type":"branch","line":471,"loc":{"start":{"line":471,"column":2},"end":{"line":480,"column":3}},"locations":[{"start":{"line":471,"column":2},"end":{"line":480,"column":3}}]},"24":{"type":"branch","line":476,"loc":{"start":{"line":476,"column":45},"end":{"line":476,"column":82}},"locations":[{"start":{"line":476,"column":45},"end":{"line":476,"column":82}}]},"25":{"type":"branch","line":477,"loc":{"start":{"line":477,"column":59},"end":{"line":477,"column":96}},"locations":[{"start":{"line":477,"column":59},"end":{"line":477,"column":96}}]},"26":{"type":"branch","line":482,"loc":{"start":{"line":482,"column":2},"end":{"line":488,"column":3}},"locations":[{"start":{"line":482,"column":2},"end":{"line":488,"column":3}}]},"27":{"type":"branch","line":485,"loc":{"start":{"line":485,"column":5},"end":{"line":487,"column":5}},"locations":[{"start":{"line":485,"column":5},"end":{"line":487,"column":5}}]},"28":{"type":"branch","line":484,"loc":{"start":{"line":484,"column":54},"end":{"line":484,"column":101}},"locations":[{"start":{"line":484,"column":54},"end":{"line":484,"column":101}}]},"29":{"type":"branch","line":292,"loc":{"start":{"line":292,"column":23},"end":{"line":292,"column":41}},"locations":[{"start":{"line":292,"column":23},"end":{"line":292,"column":41}}]},"30":{"type":"branch","line":316,"loc":{"start":{"line":316,"column":23},"end":{"line":316,"column":41}},"locations":[{"start":{"line":316,"column":23},"end":{"line":316,"column":41}}]},"31":{"type":"branch","line":342,"loc":{"start":{"line":342,"column":23},"end":{"line":342,"column":43}},"locations":[{"start":{"line":342,"column":23},"end":{"line":342,"column":43}}]},"32":{"type":"branch","line":179,"loc":{"start":{"line":179,"column":6},"end":{"line":179,"column":83}},"locations":[{"start":{"line":179,"column":6},"end":{"line":179,"column":83}}]},"33":{"type":"branch","line":14,"loc":{"start":{"line":14,"column":21},"end":{"line":14,"column":34}},"locations":[{"start":{"line":14,"column":21},"end":{"line":14,"column":34}}]},"34":{"type":"branch","line":21,"loc":{"start":{"line":21,"column":18},"end":{"line":21,"column":35}},"locations":[{"start":{"line":21,"column":18},"end":{"line":21,"column":35}}]},"35":{"type":"branch","line":32,"loc":{"start":{"line":32,"column":20},"end":{"line":32,"column":35}},"locations":[{"start":{"line":32,"column":20},"end":{"line":32,"column":35}}]},"36":{"type":"branch","line":49,"loc":{"start":{"line":49,"column":20},"end":{"line":49,"column":67}},"locations":[{"start":{"line":49,"column":20},"end":{"line":49,"column":67}}]}},"b":{"0":[16],"1":[31],"2":[31],"3":[2],"4":[19],"5":[7],"6":[12],"7":[29],"8":[2],"9":[1],"10":[1],"11":[3],"12":[3],"13":[2],"14":[5],"15":[3],"16":[1],"17":[1],"18":[1],"19":[3],"20":[1],"21":[2],"22":[1],"23":[1],"24":[2],"25":[3],"26":[1],"27":[0],"28":[2],"29":[14],"30":[14],"31":[14],"32":[14],"33":[14],"34":[14],"35":[14],"36":[14]},"fnMap":{"0":{"name":"changeView","decl":{"start":{"line":394,"column":2},"end":{"line":396,"column":3}},"loc":{"start":{"line":394,"column":2},"end":{"line":396,"column":3}},"line":394},"1":{"name":"userInitials","decl":{"start":{"line":398,"column":2},"end":{"line":404,"column":3}},"loc":{"start":{"line":398,"column":2},"end":{"line":404,"column":3}},"line":398},"2":{"name":"updateChore","decl":{"start":{"line":406,"column":2},"end":{"line":408,"column":3}},"loc":{"start":{"line":406,"column":2},"end":{"line":408,"column":3}},"line":406},"3":{"name":"promptDelete","decl":{"start":{"line":410,"column":2},"end":{"line":413,"column":3}},"loc":{"start":{"line":410,"column":2},"end":{"line":413,"column":3}},"line":410},"4":{"name":"cancelDelete","decl":{"start":{"line":415,"column":2},"end":{"line":418,"column":3}},"loc":{"start":{"line":415,"column":2},"end":{"line":418,"column":3}},"line":415},"5":{"name":"deleteChore","decl":{"start":{"line":420,"column":2},"end":{"line":429,"column":3}},"loc":{"start":{"line":420,"column":2},"end":{"line":429,"column":3}},"line":420},"6":{"name":"assignToSelfPrompt","decl":{"start":{"line":431,"column":2},"end":{"line":434,"column":3}},"loc":{"start":{"line":431,"column":2},"end":{"line":434,"column":3}},"line":431},"7":{"name":"choreAssignable","decl":{"start":{"line":436,"column":2},"end":{"line":438,"column":3}},"loc":{"start":{"line":436,"column":2},"end":{"line":438,"column":3}},"line":436},"8":{"name":"cancelAssign","decl":{"start":{"line":440,"column":2},"end":{"line":443,"column":3}},"loc":{"start":{"line":440,"column":2},"end":{"line":443,"column":3}},"line":440},"9":{"name":"assignToSelf","decl":{"start":{"line":445,"column":2},"end":{"line":459,"column":3}},"loc":{"start":{"line":445,"column":2},"end":{"line":459,"column":3}},"line":445},"10":{"name":"completeChorePrompt","decl":{"start":{"line":461,"column":2},"end":{"line":464,"column":3}},"loc":{"start":{"line":461,"column":2},"end":{"line":464,"column":3}},"line":461},"11":{"name":"cancelComplete","decl":{"start":{"line":466,"column":2},"end":{"line":469,"column":3}},"loc":{"start":{"line":466,"column":2},"end":{"line":469,"column":3}},"line":466},"12":{"name":"completeChore","decl":{"start":{"line":471,"column":2},"end":{"line":480,"column":3}},"loc":{"start":{"line":471,"column":2},"end":{"line":480,"column":3}},"line":471},"13":{"name":"filterChores","decl":{"start":{"line":482,"column":2},"end":{"line":488,"column":3}},"loc":{"start":{"line":482,"column":2},"end":{"line":488,"column":3}},"line":482},"14":{"name":"onUpdate:modelValue._cache.<computed>._cache.<computed>","decl":{"start":{"line":14,"column":21},"end":{"line":14,"column":34}},"loc":{"start":{"line":14,"column":21},"end":{"line":14,"column":34}},"line":14},"15":{"name":"onClick._cache.<computed>._cache.<computed>","decl":{"start":{"line":21,"column":18},"end":{"line":21,"column":35}},"loc":{"start":{"line":21,"column":18},"end":{"line":21,"column":35}},"line":21},"16":{"name":"onClick._cache.<computed>._cache.<computed>","decl":{"start":{"line":32,"column":20},"end":{"line":32,"column":35}},"loc":{"start":{"line":32,"column":20},"end":{"line":32,"column":35}},"line":32},"17":{"name":"onClick._cache.<computed>._cache.<computed>","decl":{"start":{"line":41,"column":20},"end":{"line":41,"column":37}},"loc":{"start":{"line":41,"column":20},"end":{"line":41,"column":37}},"line":41},"18":{"name":"onClick._cache.<computed>._cache.<computed>","decl":{"start":{"line":49,"column":20},"end":{"line":49,"column":67}},"loc":{"start":{"line":49,"column":20},"end":{"line":49,"column":67}},"line":49},"19":{"name":"onUpdate:modelValue._cache.<computed>._cache.<computed>","decl":{"start":{"line":292,"column":23},"end":{"line":292,"column":41}},"loc":{"start":{"line":292,"column":23},"end":{"line":292,"column":41}},"line":292},"20":{"name":"onClick._cache.<computed>._cache.<computed>","decl":{"start":{"line":301,"column":18},"end":{"line":301,"column":35}},"loc":{"start":{"line":301,"column":18},"end":{"line":301,"column":35}},"line":301},"21":{"name":"onClick._cache.<computed>._cache.<computed>","decl":{"start":{"line":308,"column":18},"end":{"line":308,"column":54}},"loc":{"start":{"line":308,"column":18},"end":{"line":308,"column":54}},"line":308},"22":{"name":"onUpdate:modelValue._cache.<computed>._cache.<computed>","decl":{"start":{"line":316,"column":23},"end":{"line":316,"column":41}},"loc":{"start":{"line":316,"column":23},"end":{"line":316,"column":41}},"line":316},"23":{"name":"onClick._cache.<computed>._cache.<computed>","decl":{"start":{"line":326,"column":18},"end":{"line":326,"column":35}},"loc":{"start":{"line":326,"column":18},"end":{"line":326,"column":35}},"line":326},"24":{"name":"onClick._cache.<computed>._cache.<computed>","decl":{"start":{"line":333,"column":18},"end":{"line":333,"column":52}},"loc":{"start":{"line":333,"column":18},"end":{"line":333,"column":52}},"line":333},"25":{"name":"onUpdate:modelValue._cache.<computed>._cache.<computed>","decl":{"start":{"line":342,"column":23},"end":{"line":342,"column":43}},"loc":{"start":{"line":342,"column":23},"end":{"line":342,"column":43}},"line":342},"26":{"name":"onClick._cache.<computed>._cache.<computed>","decl":{"start":{"line":351,"column":18},"end":{"line":351,"column":37}},"loc":{"start":{"line":351,"column":18},"end":{"line":351,"column":37}},"line":351},"27":{"name":"onClick._cache.<computed>._cache.<computed>","decl":{"start":{"line":358,"column":18},"end":{"line":358,"column":55}},"loc":{"start":{"line":358,"column":18},"end":{"line":358,"column":55}},"line":358}},"f":{"0":2,"1":19,"2":0,"3":2,"4":1,"5":1,"6":2,"7":5,"8":1,"9":1,"10":2,"11":1,"12":1,"13":1,"14":0,"15":0,"16":0,"17":0,"18":0,"19":0,"20":0,"21":0,"22":0,"23":0,"24":0,"25":0,"26":0,"27":0}}
,"C:\\Users\\molli\\chore-chart\\client\\src\\pages\\index.vue": {"path":"C:\\Users\\molli\\chore-chart\\client\\src\\pages\\index.vue","all":false,"statementMap":{"1":{"start":{"line":2,"column":0},"end":{"line":2,"column":21}},"4":{"start":{"line":5,"column":0},"end":{"line":5,"column":14}},"5":{"start":{"line":6,"column":0},"end":{"line":6,"column":46}}},"s":{"1":1,"4":1,"5":1},"branchMap":{},"b":{},"fnMap":{},"f":{}}
,"C:\\Users\\molli\\chore-chart\\client\\src\\router\\router.js": {"path":"C:\\Users\\molli\\chore-chart\\client\\src\\router\\router.js","all":false,"statementMap":{"0":{"start":{"line":1,"column":0},"end":{"line":1,"column":98}},"1":{"start":{"line":2,"column":0},"end":{"line":2,"column":40}},"2":{"start":{"line":3,"column":0},"end":{"line":3,"column":40}},"3":{"start":{"line":4,"column":0},"end":{"line":4,"column":48}},"4":{"start":{"line":5,"column":0},"end":{"line":5,"column":49}},"5":{"start":{"line":6,"column":0},"end":{"line":6,"column":0}},"6":{"start":{"line":7,"column":0},"end":{"line":7,"column":16}},"7":{"start":{"line":8,"column":0},"end":{"line":8,"column":4}},"8":{"start":{"line":9,"column":0},"end":{"line":9,"column":15}},"9":{"start":{"line":10,"column":0},"end":{"line":10,"column":17}},"10":{"start":{"line":11,"column":0},"end":{"line":11,"column":25}},"11":{"start":{"line":12,"column":0},"end":{"line":12,"column":4}},"12":{"start":{"line":13,"column":0},"end":{"line":13,"column":4}},"13":{"start":{"line":14,"column":0},"end":{"line":14,"column":21}},"14":{"start":{"line":15,"column":0},"end":{"line":15,"column":22}},"15":{"start":{"line":16,"column":0},"end":{"line":16,"column":26}},"16":{"start":{"line":17,"column":0},"end":{"line":17,"column":16}},"17":{"start":{"line":18,"column":0},"end":{"line":18,"column":4}},"18":{"start":{"line":19,"column":0},"end":{"line":19,"column":4}},"19":{"start":{"line":20,"column":0},"end":{"line":20,"column":20}},"20":{"start":{"line":21,"column":0},"end":{"line":21,"column":22}},"21":{"start":{"line":22,"column":0},"end":{"line":22,"column":22}},"22":{"start":{"line":23,"column":0},"end":{"line":23,"column":18}},"23":{"start":{"line":24,"column":0},"end":{"line":24,"column":4}},"24":{"start":{"line":25,"column":0},"end":{"line":25,"column":27}},"25":{"start":{"line":26,"column":0},"end":{"line":26,"column":19}},"26":{"start":{"line":27,"column":0},"end":{"line":27,"column":22}},"27":{"start":{"line":28,"column":0},"end":{"line":28,"column":46}},"28":{"start":{"line":29,"column":0},"end":{"line":29,"column":4}},"29":{"start":{"line":30,"column":0},"end":{"line":30,"column":3}},"30":{"start":{"line":31,"column":0},"end":{"line":31,"column":23}},"31":{"start":{"line":32,"column":0},"end":{"line":32,"column":22}},"32":{"start":{"line":33,"column":0},"end":{"line":33,"column":21}},"33":{"start":{"line":34,"column":0},"end":{"line":34,"column":22}},"34":{"start":{"line":35,"column":0},"end":{"line":35,"column":23}},"35":{"start":{"line":36,"column":0},"end":{"line":36,"column":40}},"36":{"start":{"line":37,"column":0},"end":{"line":37,"column":7}},"37":{"start":{"line":38,"column":0},"end":{"line":38,"column":4}},"38":{"start":{"line":39,"column":0},"end":{"line":39,"column":3}},"39":{"start":{"line":40,"column":0},"end":{"line":40,"column":28}},"40":{"start":{"line":41,"column":0},"end":{"line":41,"column":22}},"41":{"start":{"line":42,"column":0},"end":{"line":42,"column":21}},"42":{"start":{"line":43,"column":0},"end":{"line":43,"column":22}},"43":{"start":{"line":44,"column":0},"end":{"line":44,"column":23}},"44":{"start":{"line":45,"column":0},"end":{"line":45,"column":40}},"45":{"start":{"line":46,"column":0},"end":{"line":46,"column":7}},"46":{"start":{"line":47,"column":0},"end":{"line":47,"column":4}},"47":{"start":{"line":48,"column":0},"end":{"line":48,"column":4}},"48":{"start":{"line":49,"column":0},"end":{"line":49,"column":21}},"49":{"start":{"line":50,"column":0},"end":{"line":50,"column":19}},"50":{"start":{"line":51,"column":0},"end":{"line":51,"column":22}},"51":{"start":{"line":52,"column":0},"end":{"line":52,"column":16}},"52":{"start":{"line":53,"column":0},"end":{"line":53,"column":4}},"53":{"start":{"line":54,"column":0},"end":{"line":54,"column":4}},"54":{"start":{"line":55,"column":0},"end":{"line":55,"column":20}},"55":{"start":{"line":56,"column":0},"end":{"line":56,"column":18}},"56":{"start":{"line":57,"column":0},"end":{"line":57,"column":22}},"57":{"start":{"line":58,"column":0},"end":{"line":58,"column":16}},"58":{"start":{"line":59,"column":0},"end":{"line":59,"column":4}},"59":{"start":{"line":60,"column":0},"end":{"line":60,"column":4}},"60":{"start":{"line":61,"column":0},"end":{"line":61,"column":19}},"61":{"start":{"line":62,"column":0},"end":{"line":62,"column":17}},"62":{"start":{"line":63,"column":0},"end":{"line":63,"column":22}},"63":{"start":{"line":64,"column":0},"end":{"line":64,"column":16}},"64":{"start":{"line":65,"column":0},"end":{"line":65,"column":4}},"65":{"start":{"line":66,"column":0},"end":{"line":66,"column":4}},"66":{"start":{"line":67,"column":0},"end":{"line":67,"column":26}},"67":{"start":{"line":68,"column":0},"end":{"line":68,"column":24}},"68":{"start":{"line":69,"column":0},"end":{"line":69,"column":22}},"69":{"start":{"line":70,"column":0},"end":{"line":70,"column":16}},"70":{"start":{"line":71,"column":0},"end":{"line":71,"column":4}},"71":{"start":{"line":72,"column":0},"end":{"line":72,"column":4}},"72":{"start":{"line":73,"column":0},"end":{"line":73,"column":20}},"73":{"start":{"line":74,"column":0},"end":{"line":74,"column":18}},"74":{"start":{"line":75,"column":0},"end":{"line":75,"column":22}},"75":{"start":{"line":76,"column":0},"end":{"line":76,"column":16}},"76":{"start":{"line":77,"column":0},"end":{"line":77,"column":4}},"77":{"start":{"line":78,"column":0},"end":{"line":78,"column":4}},"78":{"start":{"line":79,"column":0},"end":{"line":79,"column":22}},"79":{"start":{"line":80,"column":0},"end":{"line":80,"column":20}},"80":{"start":{"line":81,"column":0},"end":{"line":81,"column":24}},"81":{"start":{"line":82,"column":0},"end":{"line":82,"column":16}},"82":{"start":{"line":83,"column":0},"end":{"line":83,"column":4}},"83":{"start":{"line":84,"column":0},"end":{"line":84,"column":1}},"84":{"start":{"line":85,"column":0},"end":{"line":85,"column":0}},"85":{"start":{"line":86,"column":0},"end":{"line":86,"column":29}},"86":{"start":{"line":87,"column":0},"end":{"line":87,"column":32}},"87":{"start":{"line":88,"column":0},"end":{"line":88,"column":11}},"88":{"start":{"line":89,"column":0},"end":{"line":89,"column":4}},"89":{"start":{"line":90,"column":0},"end":{"line":90,"column":0}},"90":{"start":{"line":91,"column":0},"end":{"line":91,"column":21}}},"s":{"0":1,"1":1,"2":1,"3":1,"4":1,"5":1,"6":1,"7":1,"8":1,"9":1,"10":1,"11":1,"12":1,"13":1,"14":1,"15":1,"16":1,"17":1,"18":1,"19":1,"20":1,"21":1,"22":1,"23":1,"24":1,"25":1,"26":1,"27":1,"28":1,"29":1,"30":1,"31":1,"32":1,"33":1,"34":0,"35":0,"36":1,"37":1,"38":1,"39":1,"40":1,"41":1,"42":1,"43":0,"44":0,"45":1,"46":1,"47":1,"48":1,"49":1,"50":1,"51":1,"52":1,"53":1,"54":1,"55":1,"56":1,"57":1,"58":1,"59":1,"60":1,"61":1,"62":1,"63":1,"64":1,"65":1,"66":1,"67":1,"68":1,"69":1,"70":1,"71":1,"72":1,"73":1,"74":1,"75":1,"76":1,"77":1,"78":1,"79":1,"80":1,"81":1,"82":1,"83":1,"84":1,"85":1,"86":1,"87":1,"88":1,"89":1,"90":1},"branchMap":{},"b":{},"fnMap":{"0":{"name":"props","decl":{"start":{"line":34,"column":11},"end":{"line":37,"column":6}},"loc":{"start":{"line":34,"column":11},"end":{"line":37,"column":6}},"line":34},"1":{"name":"props","decl":{"start":{"line":43,"column":11},"end":{"line":46,"column":6}},"loc":{"start":{"line":43,"column":11},"end":{"line":46,"column":6}},"line":43}},"f":{"0":0,"1":0}}
,"C:\\Users\\molli\\chore-chart\\client\\src\\stores\\app.js": {"path":"C:\\Users\\molli\\chore-chart\\client\\src\\stores\\app.js","all":false,"statementMap":{"0":{"start":{"line":1,"column":0},"end":{"line":1,"column":12}},"1":{"start":{"line":2,"column":0},"end":{"line":2,"column":64}},"2":{"start":{"line":3,"column":0},"end":{"line":3,"column":0}},"3":{"start":{"line":4,"column":0},"end":{"line":4,"column":47}},"4":{"start":{"line":5,"column":0},"end":{"line":5,"column":17}},"5":{"start":{"line":6,"column":0},"end":{"line":6,"column":11}},"6":{"start":{"line":7,"column":0},"end":{"line":7,"column":12}},"7":{"start":{"line":8,"column":0},"end":{"line":8,"column":15}},"8":{"start":{"line":9,"column":0},"end":{"line":9,"column":16}},"9":{"start":{"line":10,"column":0},"end":{"line":10,"column":20}},"10":{"start":{"line":11,"column":0},"end":{"line":11,"column":21}},"11":{"start":{"line":12,"column":0},"end":{"line":12,"column":21}},"12":{"start":{"line":13,"column":0},"end":{"line":13,"column":21}},"13":{"start":{"line":14,"column":0},"end":{"line":14,"column":22}},"14":{"start":{"line":15,"column":0},"end":{"line":15,"column":6}},"15":{"start":{"line":16,"column":0},"end":{"line":16,"column":20}},"16":{"start":{"line":17,"column":0},"end":{"line":17,"column":16}},"17":{"start":{"line":18,"column":0},"end":{"line":18,"column":13}},"18":{"start":{"line":19,"column":0},"end":{"line":19,"column":18}},"19":{"start":{"line":20,"column":0},"end":{"line":20,"column":5}},"20":{"start":{"line":21,"column":0},"end":{"line":21,"column":5}},"21":{"start":{"line":22,"column":0},"end":{"line":22,"column":2}}},"s":{"0":1,"1":1,"2":1,"3":1,"4":1,"5":72,"6":72,"7":72,"8":72,"9":72,"10":72,"11":72,"12":72,"13":72,"14":72,"15":72,"16":72,"17":72,"18":72,"19":72,"20":1,"21":1},"branchMap":{"0":{"type":"branch","line":5,"loc":{"start":{"line":5,"column":9},"end":{"line":21,"column":4}},"locations":[{"start":{"line":5,"column":9},"end":{"line":21,"column":4}}]}},"b":{"0":[72]},"fnMap":{"0":{"name":"state","decl":{"start":{"line":5,"column":9},"end":{"line":21,"column":4}},"loc":{"start":{"line":5,"column":9},"end":{"line":21,"column":4}},"line":5}},"f":{"0":72}}
}
